yellow close event_hotkeywords_v1-2022.08.01         mV9NyIaDRUSeSEN_C6Zseg 1 1                                
yellow close event_hotkeywords_v1-2022.08.02         7X3xk2mLS8ONoLvI-8SkVw 1 1                                
yellow close event_hotkeywords_v1-2022.08.03         ttkS9FD-TCmXPMa_mX6RBw 1 1                                
yellow close event_hotkeywords_v1-2022.08.04         8L4GRie2RimaBYxy8qwlxg 1 1                                
yellow close event_hotkeywords_v1-2022.08.10         RUXCP4bRR1q4rZr9GJ7mzg 1 1                                
yellow close event_hotkeywords_v1-2022.08.11         dQcay3WxQSCqbo3ZX5jvSg 1 1                                
yellow close event_hotkeywords_v1-2022.08.12         iZbtTkGHQC26PmGfFSjl6g 1 1                                
yellow close event_hotkeywords_v1-2022.08.15         M934FoFMRdqBBx7g-YpGYQ 1 1                                
yellow close event_hotkeywords_v1-2022.08.05         SJvYHoXmRvWTtxLaB6vbgA 1 1                                
yellow close event_hotkeywords_v1-2022.08.06         CNf45IujROWxQwrXD9owKQ 1 1                                
yellow close event_acl_tracking_test-2022.08.16      6ay-p9CzTfKhTAwVBWIjAQ 1 1                                
yellow open  staging_ws_events_jobview_v1-2022.10.17 XF0CGcZ6QryCw2IpPwKLpA 1 1    111      0  213.3kb  213.3kb
yellow close event_hotkeywords_v1-2022.08.08         T52E071-TWGA9onvIL4RKg 1 1                                
yellow close event_hotkeywords_v1-2022.08.09         P5WtfS68QMeF2jDS9b3YEw 1 1                                
yellow open  staging_ws_events_jobview_v1-2022.10.18 R_IhNDapRYuEPWl9t0QpUQ 1 1     38      0  196.8kb  196.8kb
yellow close es-release-access-2022.07.23            3gvmMpGiSri1Aju6wLqcCA 1 1                                
yellow close es-release-access-2022.07.24            QKZK0suNSkip9-6pAuL1Uw 1 1                                
yellow close es-release-access-2022.07.25            Z4WhNEMpQpCvSltX4UjUqg 1 1                                
yellow close es-release-access-2022.07.26            Q9jFzHYkSNmFLUvX3WahGA 1 1                                
yellow close es-release-access-2022.07.21            hnL_XJIlTryK7jyx9qBNaw 1 1                                
yellow close es-release-access-2022.07.22            2fmwASW7R7W_Ql3xHoxXNg 1 1                                
yellow open  event_hotkeywords_v1-2022.08.20         rZoqzdquQn6PUjBEbJfDjw 1 1     33      0   60.2kb   60.2kb
yellow open  event_hotkeywords_v1-2022.08.22         3hnFTBRPQlC9Ojz1XKdcXA 1 1   8429      0    1.9mb    1.9mb
yellow open  event_hotkeywords_v1-2022.08.23         7WudRyQiQSaardEzeNnmmA 1 1   6465      0    1.4mb    1.4mb
yellow open  event_hotkeywords_v1-2022.08.24         ydHlZp6XQu6DgX-93nfYGA 1 1     49      0  110.6kb  110.6kb
yellow open  event_hotkeywords_v1-2022.08.25         pgCAlMVHRTyP2L0ax_w1Ew 1 1     43      0  100.9kb  100.9kb
yellow open  event_hotkeywords_v1-2022.08.26         BIRWLboFQIyMlDmI2m0LdA 1 1    102      0   71.1kb   71.1kb
yellow close event_hotkeywords_v1-2022.08.16         fAYcNZwmTV2v5SzuiL8-KQ 1 1                                
yellow close event_hotkeywords_v1-2022.08.17         EsdXn3iwSRurcYS2bu7JuA 1 1                                
yellow close event_hotkeywords_v1-2022.08.18         1o-h5PiUSlmxykKKIG60pw 1 1                                
yellow close event_account_v1-2022.08.18             UFCNzMPETO2muocZTvTPXQ 1 1                                
yellow close event_account_v1-2022.08.19             n0f62RCSQyeJ4LbMaUWznA 1 1                                
yellow close event_hotkeywords_v1-2022.08.19         tJ0pP_7nTdiGStQ3QifLlw 1 1                                
yellow close event_account_v1-2022.08.12             5rI4pDzqTrGowUpfvRpwQA 1 1                                
yellow close event_account_v1-2022.08.13             y-GxIBquRk2CE02afzRKPg 1 1                                
yellow close event_account_v1-2022.08.10             6gkWBuSRQFO_mJI43rBjZA 1 1                                
yellow close event_account_v1-2022.08.11             Rosmg35FT1eoB0hGLYzYuw 1 1                                
yellow close event_account_v1-2022.08.16             NK-VZ00WRKSbOGG9_5D3Gw 1 1                                
yellow close event_account_v1-2022.08.17             1DZtCuLtRAW0xjCpvw3Iow 1 1                                
yellow close event_account_v1-2022.08.14             uQX33mE6RDOqOMlb4hivfQ 1 1                                
yellow close event_account_v1-2022.08.15             qi3GBk39SQ2aM5sugX1G4w 1 1                                
yellow open  event_hotkeywords_v1-2022.08.30         KMP864W-Q8-p6Fj4cIcWNw 1 1    106      0   97.2kb   97.2kb
yellow open  event_hotkeywords_v1-2022.08.31         i9jfj8FkQCiix6v16E7QLA 1 1     44      0  119.6kb  119.6kb
yellow close event_account_v1-2022.08.09             Y-qBlBsnS8C_ngVUXvdAFQ 1 1                                
yellow open  event_hotkeywords_v1-2022.08.29         WKoNJl0-RsauQBlh9WdAdg 1 1     41      0  107.1kb  107.1kb
yellow close event_account_v1-2022.08.08             poFQwFV-RomShKQ95K9p2g 1 1                                
yellow close staging_ws_events_jobview_v1-2022.07.30 1O6JYjkPSsaxCoQ7UGcxwA 1 1                                
yellow close staging_ws_events_jobview_v1-2022.07.31 r21q4uVDR2Wd64m1oQ8vKA 1 1                                
yellow close event_account_v1-2022.08.01             4B-Oz0srSA-W2Dl3EtakBA 1 1                                
yellow close event_account_v1-2022.08.02             nROOa3Y9Rv6CU24ieTJXJQ 1 1                                
yellow close event_account_v1-2022.08.05             Tt_oBYJnSrSzDYETn7Vu6g 1 1                                
yellow close event_account_v1-2022.08.06             NvbP6c6ART6ChpmlplqTGw 1 1                                
yellow close event_account_v1-2022.08.03             ivSpSh2YRqKiI_JsZ0JMXw 1 1                                
yellow close event_account_v1-2022.08.04             SkyWCHk6TnaczMUVKjMMWQ 1 1                                
yellow close staging_ws_events_jobview_v1-2022.07.23 qCWZYcOrTG-8-3gf0ThNnQ 1 1                                
yellow close staging_ws_events_jobview_v1-2022.07.24 8O5sJ48jRbWY6__Paum3Sw 1 1                                
yellow close staging_ws_events_jobview_v1-2022.07.21 _RQLCJfpSiGxnbjjeVqspg 1 1                                
yellow close staging_ws_events_jobview_v1-2022.07.22 DvsrbMrfQiKBbL749rtwjg 1 1                                
yellow close staging_ws_events_jobview_v1-2022.07.29 wMkiZP4mSOm8p6wYtH4OZA 1 1                                
yellow close staging_ws_events_jobview_v1-2022.07.27 D9bxI7dURKeM_GWGrEUCMg 1 1                                
yellow close staging_ws_events_jobview_v1-2022.07.28 KyEzl6-qQBiIoRyWJjANPA 1 1                                
yellow close staging_ws_events_jobview_v1-2022.07.25 zI4Syu43RsO9e2CNnIgCgA 1 1                                
yellow close staging_ws_events_jobview_v1-2022.07.26 qEZHxE_sRaCRrgJvF7VOXQ 1 1                                
green  open  .apm-agent-configuration                KhwmvozAR8ijzy521-jfDg 1 0      0      0     208b     208b
yellow close vnw_access-2022.08.12                   oTppog0MRWiULqjCrYn1ug 1 1                                
yellow close vnw_access-2022.08.11                   toM1fQDdSlOeIfLqXR-JkA 1 1                                
yellow close vnw_access-2022.08.10                   bb6zTZ8aTviDW8ve0fY0Sg 1 1                                
green  open  .kibana_1                               yUEb71kXRbSVeqXujNVtKg 1 0      3      0     11kb     11kb
yellow close vnw_access-2022.08.09                   BdhdZ6wbStuZqDtQQjlzbQ 1 1                                
yellow close vnw_access-2022.08.04                   9Mdoi3qdQnaaK59GeimNfA 1 1                                
yellow close vnw_access-2022.08.03                   Pq1mwglYR6SzYB3UxLYyGQ 1 1                                
yellow close vnw_access-2022.08.02                   IZDSP93HStCnZVC4St6sPg 1 1                                
yellow close vnw_access-2022.08.01                   tKXzSIfFSnigOcMpfX7ISw 1 1                                
yellow close vnw_access-2022.08.08                   HU7zNWbwTzSnMr00Mvcc9g 1 1                                
yellow close vnw_access-2022.08.07                   Jlt6HBWHSRWcdaWTuV0OsQ 1 1                                
yellow close vnw_access-2022.08.06                   pP9YnR44Qg6UDtEnX48CiA 1 1                                
yellow open  daxtra-error-release-2022.09.19         xv1P6viJS0idiZTWEp7hDA 1 1      3      0   25.2kb   25.2kb
yellow close event_acl_tracking-2022.08.09           oOffV4HHQ9yJPh9_2aLkaA 1 1                                
yellow close event_acl_tracking-2022.08.08           sktpPgBFSd2Ia_kJmFhAUA 1 1                                
yellow open  daxtra-error-release-2022.09.14         qgOoQKhORkG5Fp7YzaRAyw 1 1     70      0  109.9kb  109.9kb
yellow open  daxtra-error-release-2022.09.15         _nbBrkBqR5Kzfs6tU9FBqA 1 1      1      0   12.4kb   12.4kb
yellow open  daxtra-error-release-2022.09.12         qNtLEy_eQc2bEadiYO1fOA 1 1    108      0   85.2kb   85.2kb
yellow close event_acl_tracking-2022.08.05           in6VDV5sTsid5_VFAoblFw 1 1                                
yellow open  daxtra-error-release-2022.09.13         N7dCJGhgTlG9CZ9gFTUQ_g 1 1     10      0   64.4kb   64.4kb
yellow close event_acl_tracking-2022.08.04           Rl_0iDy5QMCMVE9QG4V1vg 1 1                                
yellow open  daxtra-error-release-2022.10.03         XJd-q0PZTo6VDi0b3BMw4A 1 1     65      0   62.5kb   62.5kb
yellow close event_acl_tracking-2022.08.03           4WeF7-F9Re6O7ckERFK9tQ 1 1                                
yellow open  daxtra-error-release-2022.10.04         Zy-WtyjOSRWO0gt8YNKMXQ 1 1    132      0  146.5kb  146.5kb
yellow close event_acl_tracking-2022.08.02           _Q2vUwsDSGSJtQz8RwZU3w 1 1                                
yellow open  daxtra-error-release-2022.09.11         IUVnDC1JRRiMUWJuIMxuoQ 1 1     52      0     46kb     46kb
yellow close event_acl_tracking-2022.08.01           UYi6Z4olStGyj1SpvdwHag 1 1                                
yellow open  daxtra-error-release-2022.10.05         bfi6QrR3SlawjTXEWhw0Fw 1 1     73      0   94.7kb   94.7kb
yellow open  daxtra-error-release-2022.10.06         3NwhQd_tT5G8ADVYJ_wFRg 1 1      1      0   12.4kb   12.4kb
yellow open  daxtra-error-release-2022.10.08         n6ISQh-7QtmaYG_K7BgT_g 1 1      2      0   24.8kb   24.8kb
green  open  .apm-custom-link                        0vzKD413RTmj_6EElDqE_w 1 0      0      0     208b     208b
yellow open  daxtra-error-release-2022.09.09         UALEtgTFQ92e-COMnq5UYw 1 1    114      0  130.9kb  130.9kb
yellow open  daxtra-error-release-2022.09.07         iZgOHnmbQSWocKGs8yGHhw 1 1     56      0  131.6kb  131.6kb
yellow open  daxtra-error-release-2022.09.05         seBH_c6TT-yhI38I3aCIlg 1 1     54      0   97.1kb   97.1kb
yellow open  daxtra-error-release-2022.09.06         6Aehl4q8TS2hgaAVSuLXGw 1 1    111      0     48kb     48kb
yellow open  daxtra-error-release-2022.09.01         4UMK8SEWRa-xvQLG68YlFQ 1 1     19      0   40.5kb   40.5kb
yellow open  event_acl_tracking-2022.08.29           WdxoOrEmQqSZjpadKu5yWw 1 1    140      0  306.8kb  306.8kb
yellow open  event_acl_tracking-2022.08.28           0KT41HSxRUGFhjCyNA8f7A 1 1      4      0   75.9kb   75.9kb
yellow open  event_acl_tracking-2022.08.26           FFdqV5m4SaSqVqndUXUSOA 1 1     96      0  271.2kb  271.2kb
yellow open  event_acl_tracking-2022.08.25           wROOcug9RX2UgZpQoGjLmg 1 1    168      0    486kb    486kb
yellow open  event_acl_tracking-2022.08.24           p9Am_rxdRDSjSV3TLPynrw 1 1    105      0  236.3kb  236.3kb
yellow open  daxtra-error-release-2022.09.30         sdy2Tl_mRB-sQfIe2tbJkw 1 1      8      0   74.9kb   74.9kb
yellow open  event_acl_tracking-2022.08.23           0LgDAXIoTWqdtE_fF1sD3A 1 1     89      0  322.2kb  322.2kb
yellow open  event_acl_tracking-2022.08.22           GcrWntykS0K1CqymYmXRuQ 1 1     68      0    272kb    272kb
yellow open  event_acl_tracking-2022.08.20           cDlDs92XSRuanvsm0AI_ZA 1 1     22      0   92.3kb   92.3kb
green  open  .geoip_databases                        BQzVOPj0TZaH44EAMeXPyQ 1 0     41     41     39mb     39mb
yellow open  daxtra-error-release-2022.09.29         jfN20yRCTe6pBg92TcVD2A 1 1    125      0   65.1kb   65.1kb
yellow open  daxtra-error-release-2022.09.27         APeHQn1NRxKrvaOs_n3R2Q 1 1     47      0   56.9kb   56.9kb
yellow close event_acl_tracking-2022.08.19           Ka0zc4zaRLyJTES31crdHQ 1 1                                
yellow open  daxtra-error-release-2022.09.28         x0cKkzrcTVOKatJ6qzlqTw 1 1    232      0  154.8kb  154.8kb
yellow close event_acl_tracking-2022.08.18           lWQbRjuaQdmAHy79X6S0LQ 1 1                                
yellow close event_acl_tracking-2022.08.17           -fMPGvcJSQugOfzYWGPdIg 1 1                                
yellow open  daxtra-error-release-2022.09.26         LnC6cNEoR0a0-pTsPJxD5A 1 1     53      0   47.4kb   47.4kb
yellow open  daxtra-error-release-2022.10.12         Af_XTOdhQaa2wAdIgBZK3Q 1 1     45      0  106.3kb  106.3kb
yellow open  daxtra-error-release-2022.09.23         OLwXnFEDQeub4fAhO6TuOQ 1 1     48      0   96.9kb   96.9kb
yellow close event_acl_tracking-2022.08.16           rmGpBHfHSF6IYssrJ__cAA 1 1                                
yellow open  daxtra-error-release-2022.10.13         jhmV521rQyW0ruoUe1J3Vw 1 1     13      0   42.9kb   42.9kb
yellow close event_acl_tracking-2022.08.15           xqlYWEJtRZiEGemTzX5RtA 1 1                                
yellow open  daxtra-error-release-2022.09.21         jJ-OHQaTQ3yDMPb_vcyAIQ 1 1     75      0  104.7kb  104.7kb
yellow close event_acl_tracking-2022.08.14           cjizSBXUTzSl0B8BtWGEmw 1 1                                
yellow open  daxtra-error-release-2022.10.14         dd-Lv0P2TauT1JIyPCwGfA 1 1     87      0   50.3kb   50.3kb
yellow close event_acl_tracking-2022.08.13           zf9lm-AlQZiRbkMtL6VwZg 1 1                                
yellow close event_acl_tracking-2022.08.12           D29aVKVaRCem76FwfL7g-g 1 1                                
yellow open  daxtra-error-release-2022.10.16         YM9AK3BvTH2Q5gL6vC4MPA 1 1     46      0   70.3kb   70.3kb
yellow close event_acl_tracking-2022.08.11           8rmVqf0ZS8aLFpKIX2P7wA 1 1                                
yellow open  daxtra-error-release-2022.09.20         uw0rnukFScOBHuNaRogJ1g 1 1     74      0  114.5kb  114.5kb
yellow open  daxtra-error-release-2022.10.17         tMBwnB3uTgKG5JH63Rtabw 1 1    156      0   72.9kb   72.9kb
yellow close event_acl_tracking-2022.08.10           2D7Lc0azTQOAarG0HJw7Wg 1 1                                
yellow open  daxtra-error-release-2022.10.18         8KtrWCcXS_qQNrJk2C-F0A 1 1     48      0   57.4kb   57.4kb
yellow open  daxtra-error-release-2022.10.10         5YefS-1ST5mNSHxy-KikCA 1 1      4      0   37.6kb   37.6kb
yellow open  daxtra-error-release-2022.10.11         NcVYEh7USdCb2sot9BqOPA 1 1      1      0   12.4kb   12.4kb
yellow open  event_editjob_v1-2022.08.29             8qtiVGKHRqSzr9pHqphWMw 1 1     48      0  337.3kb  337.3kb
yellow open  event_editjob_v1-2022.08.26             h43ZMgylRkaorxVW5-5dHw 1 1      8      0  127.4kb  127.4kb
yellow open  event_account_v1-2022.08.30             IqAc-zuQSiqOQFBoOofHHQ 1 1    253      0    230kb    230kb
yellow open  event_editjob_v1-2022.08.25             q8R4QwzbSMKyu1CVXLAMNg 1 1     22      0  161.8kb  161.8kb
yellow open  event_account_v1-2022.08.31             ubXWgHO-S7WpXDsqnzJKlw 1 1    173      0  197.9kb  197.9kb
yellow open  event_editjob_v1-2022.08.24             0k7UwCL-Q_OLg590a5YDgg 1 1     44      0  174.4kb  174.4kb
yellow open  event_editjob_v1-2022.08.23             uG2-DszrTmSTZ3WaHJF48A 1 1     39      0  237.1kb  237.1kb
yellow open  event_editjob_v1-2022.08.22             Gut3Pqk6RCWNQJdQMTJ5Vw 1 1     36      0  296.2kb  296.2kb
yellow open  event_editjob_v1-2022.08.20             e16tkv4WSz-8pskiY7IjUQ 1 1     23      0  177.3kb  177.3kb
yellow close daxtra-error-release-2022.07.29         i90BZ14IQ7S1T9Qkpolywg 1 1                                
yellow close daxtra-error-release-2022.07.27         q1NJFlpZTHyzt9B1vpHmNw 1 1                                
yellow close daxtra-error-release-2022.07.28         j6OC4ku3QxqVYfAqaxPQ9g 1 1                                
yellow close daxtra-error-release-2022.07.25         SwHktpMSS4qT1K1NuSj5wA 1 1                                
yellow open  event_account_v1-2022.08.20             HkKyGSr0RR6z1BKwDpbIjA 1 1     10      0   94.2kb   94.2kb
yellow close daxtra-error-release-2022.07.26         1CNMhsGsQoeQD__nCt6i6Q 1 1                                
yellow close daxtra-error-release-2022.07.21         3OAPZSQaS0O6_qfUSPncyw 1 1                                
yellow close daxtra-error-release-2022.07.22         40F_kDnMRqCKrLu3ICSuEw 1 1                                
yellow open  event_editjob_v1-2022.08.31             Vf28GBoKQwCjM3XKDQTEvQ 1 1     34      0  305.3kb  305.3kb
yellow open  event_editjob_v1-2022.08.30             waiMtWq3QFehqo-zx1A2qg 1 1     21      0  187.1kb  187.1kb
yellow open  event_account_v1-2022.08.29             S7HyooqeT9ioNn7jU1yMYw 1 1    184      0  153.4kb  153.4kb
yellow open  vnw_resume_search_event-2022.08         K_9nM-EkT5iVaKc5VnaVyw 1 1     18      0  131.6kb  131.6kb
yellow open  staging_event_track_log_v1-2022.08.30   vOKhm-fSQRyTgreZhZT4Qg 1 1    321      0  242.9kb  242.9kb
yellow open  staging_event_track_log_v1-2022.08.31   aC3skqBGSYCXPLGXqt_vhQ 1 1    169      0  229.6kb  229.6kb
yellow open  event_account_v1-2022.08.23             RT_HZp6TSHamoHIHxEnz7w 1 1    264      0  156.8kb  156.8kb
yellow open  event_account_v1-2022.08.24             6jJQrB0nRAWOqllOXxTc6Q 1 1    159      0  170.6kb  170.6kb
yellow open  event_account_v1-2022.08.22             JN8faqlGTKCO_S13arI-_Q 1 1    145      0  168.3kb  168.3kb
yellow open  event_account_v1-2022.08.27             M-NCKKclRb2qC6V-nFjO3g 1 1     14      0   73.8kb   73.8kb
yellow open  event_account_v1-2022.08.28             5X2iQ4sJQCaP9veybbQ6JA 1 1      9      0   96.2kb   96.2kb
yellow open  event_account_v1-2022.08.25             -mPhZreNQhe3aecuvnpngQ 1 1    208      0  212.1kb  212.1kb
yellow open  event_account_v1-2022.08.26             KK18YY-TQc6M5fraTcFbYg 1 1    154      0  154.6kb  154.6kb
yellow close event_editjob_v1-2022.08.08             Sn8SKuzrTziIeT51fPOiBA 1 1                                
yellow close event_editjob_v1-2022.08.05             4eFOobh2S7q3acJVAwifIQ 1 1                                
yellow close event_editjob_v1-2022.08.04             N8YjMKHBS1uuNGYRbZHzcA 1 1                                
yellow close event_editjob_v1-2022.08.03             _isX4I9-TMSmppbBdr40Hg 1 1                                
yellow close event_editjob_v1-2022.08.02             ViCz27QDT3KJwSVqTmjoGg 1 1                                
yellow close event_editjob_v1-2022.08.01             tSyayYaoSf2yolkF60cwYg 1 1                                
yellow open  vnw_resume_search_event-2022.04         I6xwrCZmTNGaYuAA2Uiv_A 1 1      3      0   41.9kb   41.9kb
yellow open  staging_event_track_log_v1-2022.08.22   HHl0XvozTdWmBJX93QgThg 1 1    129      0  131.2kb  131.2kb
yellow open  vnw_resume_search_event-2022.05         j8gFiQL8RlehrFfLwANRFQ 1 1      1      0     14kb     14kb
yellow open  staging_event_track_log_v1-2022.08.23   F4fFDRsITC-OkM6OMkGOQg 1 1    211      0  114.1kb  114.1kb
yellow open  staging_event_track_log_v1-2022.08.24   Ajnq-mmYSx6wdiem4Xlq1Q 1 1     96      0  131.2kb  131.2kb
yellow open  vnw_resume_search_event-2022.06         SOQ0IdfYTt-xQp1wwK8C9w 1 1      1      0     14kb     14kb
yellow open  staging_event_track_log_v1-2022.08.25   pORSux6cRmanrZ_lHP-3lw 1 1    184      0  212.5kb  212.5kb
yellow open  vnw_resume_search_event-2022.07         qJxzh4qBQ36-SsKshgCZ2A 1 1     12      0   89.6kb   89.6kb
yellow open  staging_event_track_log_v1-2022.08.26   NtUiVGV8R7q6KPwhlrqRHA 1 1    130      0  192.5kb  192.5kb
yellow open  staging_event_track_log_v1-2022.08.27   yCMPeAsWQj2B0nmy-GxzuQ 1 1     20      0  133.9kb  133.9kb
yellow open  staging_event_track_log_v1-2022.08.28   MGmlU10oQdqqQdoLyENpXw 1 1     35      0     60kb     60kb
yellow open  vnw_resume_search_event-2022.02         ulOKRLLcTt60d8u-r9XYew 1 1      1      0   11.8kb   11.8kb
yellow open  staging_event_track_log_v1-2022.08.29   BwT56ddKRnifpGpJOvdSfw 1 1    176      0  156.5kb  156.5kb
yellow open  staging_event_track_log_v1-2022.08.20   T3kNhUxfT0q3Rs61cAqcTg 1 1     11      0  114.6kb  114.6kb
yellow close event_editjob_v1-2022.08.19             rpeYTddWQNe-4JXyYw90Lw 1 1                                
yellow close staging_event_track_log_v1-2022.08.19   DLkGg0_wQTynBnI0Z_lZIg 1 1                                
yellow close event_editjob_v1-2022.08.18             SC-jQmJ4Sb-G5h4GrUc4gw 1 1                                
yellow close event_editjob_v1-2022.08.17             DDwiC9otTP2bweSUlUdURw 1 1                                
yellow close event_editjob_v1-2022.08.16             1Awb6Ed9Rw6bXLmwFLoisA 1 1                                
yellow close event_editjob_v1-2022.08.15             y28ifhP1THi9SnPl1PRCOQ 1 1                                
yellow close event_editjob_v1-2022.08.14             AFsujq3pRx2iKB7hPPLpBA 1 1                                
yellow close event_editjob_v1-2022.08.13             urS80aJQSQKyHw9tGfG11Q 1 1                                
yellow close event_editjob_v1-2022.08.12             x3_AxbwtQACW0XW0p-yX-Q 1 1                                
yellow close staging_event_track_log_v1-2022.08.11   2ouuMSHrTkaGpY-a26f2uw 1 1                                
yellow close event_editjob_v1-2022.08.11             U8WM1sclRDWx7p-Tqge97Q 1 1                                
yellow close staging_event_track_log_v1-2022.08.12   8HaBPbTXR8KEokWsq0oCsg 1 1                                
yellow close event_editjob_v1-2022.08.10             mRCrfxU2TPekLWlRqDlkrg 1 1                                
yellow close staging_event_track_log_v1-2022.08.13   Q2QEerVNTcq2MH7PGqS-TQ 1 1                                
yellow close staging_event_track_log_v1-2022.08.14   nAcRk7DvSk6dXv8qZPmpEA 1 1                                
yellow close staging_event_track_log_v1-2022.08.15   RE7gdfpJQfOEt6UGsjDFcA 1 1                                
yellow close staging_event_track_log_v1-2022.08.16   uX7smvV3QFqd2qCo6lgBRA 1 1                                
yellow close staging_event_track_log_v1-2022.08.17   KsEGvQP2SpCrbn06ONEjpw 1 1                                
yellow close staging_event_track_log_v1-2022.08.18   VMEpBChKTHWtPU3pPcs2Lw 1 1                                
yellow close staging_event_track_log_v1-2022.08.10   XdM6Z9u8StufhHUqjV9KEA 1 1                                
yellow close event_editjob_v1-2022.08.09             QzttYwhbQ5SfuLomqH6-bg 1 1                                
yellow close staging_event_track_log_v1-2022.08.08   Cnv2OlYKTHGS9cNmEXdsyg 1 1                                
yellow close staging_event_track_log_v1-2022.08.09   oQ-WqW6cS4ecdgO5mF4-FA 1 1                                
yellow close staging_event_track_log_v1-2022.08.01   zO09czlMT0GW8hiYBk20nA 1 1                                
yellow close staging_event_track_log_v1-2022.08.02   sroLJ6DrTgOo3A9QLi8zyA 1 1                                
yellow close staging_event_track_log_v1-2022.08.03   ijTX-HX1Snyfky8R5hNKkg 1 1                                
yellow close staging_event_track_log_v1-2022.08.04   B-21_E9rQ_OXnXEuvtESrA 1 1                                
yellow close staging_event_track_log_v1-2022.08.05   f4eW94HpR9qQwCPJZWeH_A 1 1                                
yellow close staging_event_track_log_v1-2022.08.06   VDF9oAogTJ62g-3aBKFjfw 1 1                                
yellow open  event_editjob_v1-2022.10.13             yJ2_czVmSYe4vLO2_lsLgA 1 1     12      0  226.9kb  226.9kb
yellow open  event_editjob_v1-2022.10.14             9a6q01ZpTjW_nbcc3Qzh5A 1 1     19      0    250kb    250kb
yellow open  event_editjob_v1-2022.10.11             1Nx4_MTiQFCXkj19Z5Wm-Q 1 1     42      0  399.8kb  399.8kb
yellow open  event_editjob_v1-2022.10.12             oNk5j9-RTl6IcbQKyIG7Ow 1 1     51      0  245.4kb  245.4kb
yellow open  event_editjob_v1-2022.10.17             H2jPbcyxS1mdBiEw4BJBZw 1 1     28      0  212.4kb  212.4kb
yellow open  event_editjob_v1-2022.09.30             mPzx8G1-TwGkl6R_1U_xtw 1 1     29      0  219.4kb  219.4kb
yellow open  event_editjob_v1-2022.10.08             V8NY8fafQhWhiRP8xx74dg 1 1      2      0   48.9kb   48.9kb
yellow open  event_editjob_v1-2022.10.03             c22lzvK8Q72JPdoBc9ZtAw 1 1     37      0  244.3kb  244.3kb
yellow open  event_editjob_v1-2022.10.06             XR2BflcRTjuLsIwloe3wQA 1 1     38      0  282.5kb  282.5kb
yellow open  event_editjob_v1-2022.10.07             zst0Kxt7SBmRRLuDp8v9hA 1 1      4      0  107.7kb  107.7kb
yellow open  event_editjob_v1-2022.10.04             ZElGZiUZQU2i4P0BzEWIBw 1 1     59      0  299.5kb  299.5kb
yellow open  event_editjob_v1-2022.10.05             FLuLWiMSSS6dLsK9FylW_w 1 1     42      0  314.1kb  314.1kb
yellow open  event_editjob_v1-2022.09.20             kXS83eDFTfSYsxOFCtD-EQ 1 1     46      0  294.3kb  294.3kb
yellow open  event_editjob_v1-2022.10.10             4reeSOxYQ16MIckAriJ-Cw 1 1     47      0  467.6kb  467.6kb
yellow open  event_editjob_v1-2022.09.21             gWHd4PdkRwSZteFhJiSELg 1 1     17      0  280.7kb  280.7kb
yellow open  event_editjob_v1-2022.09.22             fosNWdSESAe4b5y2Yhew6A 1 1     17      0  265.7kb  265.7kb
yellow open  event_editjob_v1-2022.09.23             Uvch42XBSFybMXS9WE5l1w 1 1      9      0   82.2kb   82.2kb
yellow open  event_editjob_v1-2022.09.24             J9aFYBjAT7emGdY2vBxgWw 1 1      4      0   87.9kb   87.9kb
yellow open  event_editjob_v1-2022.09.25             TSBE0ZWESQCKLI0igDxgmQ 1 1      2      0   52.7kb   52.7kb
yellow open  event_editjob_v1-2022.09.26             4zeH_MhOT3uTyim7jSUoow 1 1     59      0  469.9kb  469.9kb
yellow open  event_editjob_v1-2022.09.27             OVD68maXTKuEFhVxixZz0A 1 1     60      0  346.5kb  346.5kb
yellow open  event_editjob_v1-2022.09.28             jZyLy4HFQ0CbswXnYv3caQ 1 1     38      0  400.9kb  400.9kb
yellow open  event_editjob_v1-2022.09.29             ElQHNP9HTDu5T38gCfKjNQ 1 1      7      0  143.2kb  143.2kb
yellow open  event_editjob_v1-2022.09.11             c7fE4mLbTO6XL0VVodaoZQ 1 1     13      0  302.4kb  302.4kb
yellow open  event_editjob_v1-2022.09.12             taFJf42bSdePJQigObbhlQ 1 1     15      0  214.3kb  214.3kb
yellow open  staging_event_track_log_v1-2022.10.01   HfzjU_8tQESxX_SsfZebHQ 1 1      2      0     26kb     26kb
yellow open  event_editjob_v1-2022.09.13             1PzDluRbQdG3nhcddd2tbQ 1 1     12      0  174.5kb  174.5kb
yellow open  event_editjob_v1-2022.09.14             bNU3YeJVSK2zXwGK_UrkTg 1 1     42      0  304.4kb  304.4kb
yellow open  event_editjob_v1-2022.09.15             7Tt8FEK_TSyxrfuQQPQIag 1 1     38      0    228kb    228kb
green  open  .async-search                           WL2tWp92QD2LmLMioCRMDg 1 0      0     18    7.2kb    7.2kb
yellow open  event_editjob_v1-2022.09.16             zfOM5L3HRVSfg8uqJx4hrQ 1 1     33      0  290.2kb  290.2kb
yellow open  staging_event_track_log_v1-2022.10.05   FhvrlsA_THCQgIEmacBxLg 1 1    186      0  160.9kb  160.9kb
yellow open  staging_event_track_log_v1-2022.10.06   UZn6RjUyQhuQweUcji9gHg 1 1    131      0  161.3kb  161.3kb
yellow open  event_editjob_v1-2022.09.19             uCpPcCCZQGWl99e2iwN7IA 1 1     31      0    389kb    389kb
yellow open  staging_event_track_log_v1-2022.10.03   sirpVNDRRiaQNzc5ihIR5g 1 1    258      0  157.2kb  157.2kb
yellow open  staging_event_track_log_v1-2022.10.04   9EoX34X1RFuyTJYK9DUw1w 1 1    318      0  242.4kb  242.4kb
yellow open  it_keyword-2022.10.05                   xJymtwNySmSvoMmIgcxycw 1 1      9      0   31.5kb   31.5kb
yellow open  staging_event_track_log_v1-2022.10.09   L1aqEwcySXyM6M-s_thZNQ 1 1      4      0   39.7kb   39.7kb
yellow open  it_keyword-2022.09.16                   x8u5obhNQSO5rVONponoyg 1 1     13      0   83.8kb   83.8kb
yellow open  es-staging_test-2022.08.30              e4h_ezntTfaB_P2PbKAJoA 1 1  14930      0    1.3mb    1.3mb
yellow open  it_keyword-2022.10.06                   BzWA6wUuSfWFEV_MeWmGlg 1 1      7      0   46.8kb   46.8kb
yellow open  staging_event_track_log_v1-2022.10.07   h9BWId9OTzuE4iX6L9pIzA 1 1     47      0  134.6kb  134.6kb
yellow open  it_keyword-2022.09.14                   o16UISkHQkaZt_Vxu4SN5Q 1 1     28      0   54.3kb   54.3kb
yellow open  staging_event_track_log_v1-2022.10.08   Cnm_SJR6SYaPuV_coSHa0Q 1 1      3      0   30.4kb   30.4kb
yellow open  it_keyword-2022.09.15                   uLRx8OuSSEqt2Vpg_GOl1Q 1 1     18      0   80.3kb   80.3kb
yellow open  it_keyword-2022.10.03                   zraXanI_T5KbvOS1hgw7kw 1 1      9      0   39.9kb   39.9kb
yellow open  it_keyword-2022.09.19                   qYpUlO9GQ4a1jTiUiZuNHg 1 1      8      0   55.6kb   55.6kb
yellow open  es-staging_test-2022.08.31              9e3XvKjIRTGJQuibmfg8ow 1 1   7720      0    846kb    846kb
yellow open  it_keyword-2022.10.04                   -A9iIixuQBO8aKgQJMYrWw 1 1      2      0    9.8kb    9.8kb
yellow open  staging_event_track_log_v1-2022.10.12   DIpiHelgTqaeNeQY-eMuuA 1 1    224      0    119kb    119kb
yellow open  staging_event_track_log_v1-2022.10.13   mH2z5ml-SEWmgvseESvKxg 1 1    160      0  131.1kb  131.1kb
yellow open  staging_event_track_log_v1-2022.10.10   4YYIGCg0RROLSXUoALmtzg 1 1    125      0  132.8kb  132.8kb
yellow open  staging_event_track_log_v1-2022.10.11   nl0Ml_QvSk-qLmu1NJDXJg 1 1    120      0  152.5kb  152.5kb
yellow open  staging_event_track_log_v1-2022.10.16   SOQSrh4jS8qo7K7NOM66SQ 1 1      2      0   26.4kb   26.4kb
yellow open  it_keyword-2022.09.12                   xyrtzEarS1ac2Qm6FWYwhw 1 1      7      0   38.8kb   38.8kb
yellow open  staging_event_track_log_v1-2022.10.17   ZXYomPdfQU-u2ULOuXz_KQ 1 1    243      0  172.3kb  172.3kb
yellow open  it_keyword-2022.09.13                   oSg3Z1D2TN6CAa9xAENIyQ 1 1      4      0   20.1kb   20.1kb
yellow open  staging_event_track_log_v1-2022.10.14   8TT9VRC8SWKCz8gqx497JA 1 1     70      0  145.3kb  145.3kb
yellow open  it_keyword-2022.09.11                   pTplcOoaQuijIuGdK6BiMw 1 1      3      0   26.9kb   26.9kb
yellow open  staging_event_track_log_v1-2022.10.15   6H6B2LDJR-2H2vDn_CYyhg 1 1      3      0   25.8kb   25.8kb
yellow open  it_keyword-2022.09.05                   WdkciWZqSLucA-FUfNu_zw 1 1      3      0   26.5kb   26.5kb
yellow open  it_keyword-2022.09.06                   EmWYY0VvSKq6mMDkt5D60Q 1 1      3      0   18.7kb   18.7kb
yellow open  staging_event_track_log_v1-2022.10.18   8rdrR-TATAyiyf3m2WxfwA 1 1     21      0  119.2kb  119.2kb
yellow open  it_keyword-2022.09.09                   8QSiiBxcSQ-yFXGMdYWFjw 1 1      3      0   26.9kb   26.9kb
yellow open  it_keyword-2022.09.07                   4Xi1ni3vSKSDYg2LqzCjTg 1 1      2      0   17.8kb   17.8kb
yellow open  it_keyword-2022.09.08                   rnjlUo6PSpmIycQ3PHU5Dg 1 1     16      0   39.4kb   39.4kb
yellow open  event_acl_tracking-2022.08.31           yoo5dQ-qT8eg00NFItxGeQ 1 1      5      0   58.2kb   58.2kb
yellow open  event_acl_tracking-2022.08.30           Fu5fsLbaQY-HihkYYDTB_g 1 1      3      0   40.5kb   40.5kb
yellow open  event_ats_tracking-2022.08.29           AiB-0MjIQHenjWPU_BqCAA 1 1     69      0  235.4kb  235.4kb
yellow open  event_ats_tracking-2022.08.28           vY4yLI2RTrmhpgNz7yRI0A 1 1      3      0   41.8kb   41.8kb
yellow open  event_ats_tracking-2022.08.26           CQEDKNzzRVWeszZF4BTr6A 1 1     76      0  100.1kb  100.1kb
yellow open  event_ats_tracking-2022.08.25           y9QeGFEzQWyWBAAVsDjMlA 1 1    125      0  285.4kb  285.4kb
yellow open  event_ats_tracking-2022.08.24           H8TANCzxTwKmmFXc47UAkg 1 1     47      0  240.8kb  240.8kb
yellow open  event_ats_tracking-2022.08.23           J1zHfb-ET76qtf7DYJY6ng 1 1     20      0   80.9kb   80.9kb
yellow open  event_ats_tracking-2022.08.22           tF5Jhk10TfmqdjYL2O0EJw 1 1     12      0  166.6kb  166.6kb
yellow open  it_keyword-2022.09.27                   U-UU57yNQf273o6C-IllMQ 1 1     17      0     40kb     40kb
yellow open  it_keyword-2022.09.28                   8xYPhI7hSQGHoW1E-XSPJg 1 1      9      0   72.2kb   72.2kb
yellow open  it_keyword-2022.10.17                   QtFqyMVTSlW5s4cvDRfszQ 1 1     16      0   85.2kb   85.2kb
yellow open  it_keyword-2022.09.26                   DBEG_aaeRL28Sj7M9GAN2w 1 1     13      0   28.7kb   28.7kb
yellow open  it_keyword-2022.10.12                   pZ_SR1YcT2-johDdq6KNoQ 1 1     20      0   31.9kb   31.9kb
yellow open  it_keyword-2022.10.13                   OFIqVu_3QwG0oEiIATNlbw 1 1      3      0   26.6kb   26.6kb
yellow open  it_keyword-2022.10.14                   zwbh_ghfRE-F4Ax22gLl0w 1 1     10      0   56.6kb   56.6kb
yellow open  it_keyword-2022.10.10                   31Igyn-RReSvruXMyNua7Q 1 1     15      0   45.8kb   45.8kb
yellow open  it_keyword-2022.10.11                   juBit060Ql2vlA-x8173Bg 1 1     27      0   54.2kb   54.2kb
yellow open  it_keyword-2022.09.20                   irDURWpVTVu_FjMEbkqolA 1 1     12      0   74.6kb   74.6kb
yellow open  it_keyword-2022.09.23                   8RH1Boj9TvyOcsxeygNhdw 1 1      5      0   28.6kb   28.6kb
yellow open  it_keyword-2022.09.24                   8cHgUcAdSWq0xlM1yNbkoA 1 1      2      0     18kb     18kb
yellow open  it_keyword-2022.09.21                   BVlGGiGoRs6p4mnwmV5weg 1 1      6      0   29.4kb   29.4kb
yellow open  it_keyword-2022.09.22                   7Ww4KYroQ0CqrpyAvw8mcw 1 1      5      0   36.6kb   36.6kb
yellow close event_ats_tracking-2022.08.05           Ft2SIKqtTu--hOf46GZZWA 1 1                                
yellow close event_ats_tracking-2022.08.04           8gKgdNgGQm2caDClMT87nw 1 1                                
yellow open  es-release-access-2022.09.29            aQNHv8OYR1uB-fqQn4PlBg 1 1 103111      0    8.9mb    8.9mb
yellow close event_ats_tracking-2022.08.03           rasPD6GDRgWHLr76EA000w 1 1                                
yellow open  es-release-access-2022.10.18            qcIfEFGARs2WvvjVvaMVWg 1 1  10942      0    1.2mb    1.2mb
yellow close event_ats_tracking-2022.08.02           pOIMZt_6TziPQiO1UY6f0g 1 1                                
yellow close event_ats_tracking-2022.08.01           _bLx4BNOS0OUdkkvJSQADw 1 1                                
yellow open  es-release-access-2022.10.16            z7PZSrMvTSynbT3jfF6h0g 1 1  85142      0    6.6mb    6.6mb
yellow open  es-release-access-2022.10.17            lsA6YgZ8T6CRAZ3mQ2NtbQ 1 1 109548      0    9.1mb    9.1mb
yellow open  es-release-access-2022.10.14            QT6PMllDTKageCPXljLjHQ 1 1 108049      0      9mb      9mb
yellow open  es-release-access-2022.10.15            XXXXYJdsTGWRobzJ8TrcTQ 1 1  72570      0    5.1mb    5.1mb
yellow open  es-release-access-2022.10.12            mCnnVpAcTVOFVcNB1EVX4Q 1 1  91218      0    7.4mb    7.4mb
yellow open  es-release-access-2022.10.13            vC0K7Gj9TCqyS7eMw-glGg 1 1  80013      0    6.3mb    6.3mb
yellow open  es-release-access-2022.10.10            u4-h1ZjPTkefIMOI8IhFxQ 1 1  71083      0    5.1mb    5.1mb
yellow open  es-release-access-2022.10.11            bS6YkvPCSqOvuCa7da4ZlA 1 1  71931      0    5.3mb    5.3mb
yellow open  es-release-access-2022.09.30            Vifs9UicTMycRpL6kYmjrg 1 1  74874      0    5.9mb    5.9mb
yellow close event_ats_tracking-2022.08.09           isNVQPeORgiCiUmZ9pewWg 1 1                                
yellow close event_ats_tracking-2022.08.18           2QNBbr1VR6eNEUZv9TlM-g 1 1                                
yellow close it_keyword-2022.07.25                   frc2-fhHQPGl4-gEBxv0rA 1 1                                
yellow close event_ats_tracking-2022.08.17           Pf6vwKtQSACq_js1ARxwHA 1 1                                
yellow close it_keyword-2022.07.23                   klPbi7eDQK20ujnq1e6-eA 1 1                                
yellow close event_ats_tracking-2022.08.16           h743xe8GSQSFU0QbaqmyPg 1 1                                
yellow close event_ats_tracking-2022.08.15           _4u4Nb5wTPOOlvzFpSIZGw 1 1                                
yellow close event_ats_tracking-2022.08.14           OC3sO4qDTTCs7mspQ_PbKQ 1 1                                
yellow close it_keyword-2022.07.29                   p1SYcGY4Qo6VkowwPmovRg 1 1                                
yellow close es-staging_test-2022.08.01              -kauihsXQu6BJkkzZkG56Q 1 1                                
yellow close event_ats_tracking-2022.08.13           CTp92M1lTvucLA5XhXgXKw 1 1                                
yellow close event_ats_tracking-2022.08.12           cf6zb18YTvyVZr4mg1OGnw 1 1                                
yellow close it_keyword-2022.07.28                   VmPPbx3PTBqIh8EQx6FQCA 1 1                                
yellow close event_ats_tracking-2022.08.11           MSbi_FYDTJedKbKMahOdhA 1 1                                
yellow close event_ats_tracking-2022.08.10           1kYlQ_DxSPWDJ7Pv4GlbPw 1 1                                
green  open  .kibana_task_manager_pre7.4.0_001       IJuCu0auShG3v5OYTzpToA 1 0      2      0    6.4kb    6.4kb
yellow close es-staging_test-2022.08.05              x_yBKw2qTKWEDyECLC0k4w 1 1                                
yellow close es-staging_test-2022.08.04              cdZWQywYSNm-e3mAYsSPLA 1 1                                
yellow close es-staging_test-2022.08.03              zphgZMSlTiapAMz7mkqGJA 1 1                                
yellow close es-staging_test-2022.08.02              FokLc1DGTLCxrAtxguvlDA 1 1                                
yellow close it_keyword-2022.07.21                   c3mtxZRHR_62iwL6Zikazw 1 1                                
yellow close es-staging_test-2022.08.09              5Aq-jSqZTi2VL4Yplljjbg 1 1                                
yellow close es-staging_test-2022.08.08              a5bDIebZRpe-CkquYf74-g 1 1                                
yellow close it_keyword-2022.07.22                   AvWhpmy_RmeALUipb1TFTQ 1 1                                
yellow close es-staging_test-2022.08.07              g5czz10oTBq71ysNhdFYBQ 1 1                                
green  open  .kibana_task_manager_7.13.4_001         8gvpw6gsQm6ZY3WnT0WN6w 1 0     12 281649   23.9mb   23.9mb
yellow close es-staging_test-2022.08.06              Wky2mAYKQ9y0LyV7YNbWtA 1 1                                
yellow close event_ats_tracking-2022.08.19           W69oz0NdRI-6O7SVyLV1oA 1 1                                
yellow open  es-release-access-2022.09.07            Y9698QXsSB-NoVhN7n3xOg 1 1 107618      0      9mb      9mb
yellow close es-staging_test-2022.08.12              uM-uUO-CRmen91H6eMYm9w 1 1                                
yellow close es-staging_test-2022.08.11              5JvF-PDiRjKTLptWXl2pwQ 1 1                                
yellow open  es-release-access-2022.09.08            frzugk33QJGyNZvnMBlTrA 1 1  75777      0    5.9mb    5.9mb
yellow open  es-release-access-2022.09.09            25x0BYoDQsmurE0htFkW3w 1 1  85638      0    6.9mb    6.9mb
yellow close es-staging_test-2022.08.10              uizXxvh4Rx69q2laJ5Vvqw 1 1                                
yellow open  es-release-access-2022.09.14            7WSNB3HHSiifYAmGZz6GAA 1 1  99203      0    8.3mb    8.3mb
yellow close es-staging_test-2022.08.16              2qRpVptwSkWTdUxUNGXveQ 1 1                                
yellow open  es-release-access-2022.09.15            slpQScHuSxOriwb5aUuabA 1 1  77981      0    6.4mb    6.4mb
yellow close es-staging_test-2022.08.15              OzlfigtaSVmKFuJBylAsEw 1 1                                
yellow close es-staging_test-2022.08.14              xub9lY5lSC-JWmGCK5Sd7g 1 1                                
yellow open  es-release-access-2022.09.16            oBrLkwnFRwCHx-nJjlXhKg 1 1  72507      0    5.5mb    5.5mb
yellow close es-staging_test-2022.08.13              dkL7753VQxWoWyU4YIc7rA 1 1                                
yellow open  es-release-access-2022.09.17            hSYSw-2TReGwhuwysIoEdw 1 1  70160      0      5mb      5mb
yellow open  es-release-access-2022.09.10            9rLrlXH9REex8G0WHluv2g 1 1  71223      0    5.2mb    5.2mb
yellow close es-staging_test-2022.08.19              rHonUrT-TYOje6Djdfg9YQ 1 1                                
yellow open  es-release-access-2022.09.11            pjp9AFGHTReA2EjogI2IPQ 1 1  82527      0    6.7mb    6.7mb
yellow open  es-release-access-2022.09.12            -QB-PDsGQ0SJrOkNU8Hk_g 1 1 102307      0      9mb      9mb
yellow close es-staging_test-2022.08.18              u14ZYtCNR8-9aN7utNHGNA 1 1                                
yellow close es-staging_test-2022.08.17              LwqQ-nAmSX-ZgMRFw4y-Ew 1 1                                
yellow open  es-release-access-2022.09.13            LBqDmq7QT8e3vGbaBwEQFQ 1 1  77534      0    6.2mb    6.2mb
yellow open  es-release-access-2022.10.09            qGjA8StEQN2yOXgkJm0akw 1 1  62089      0    3.8mb    3.8mb
yellow open  es-staging_test-2022.08.23              ZKD-0FIBRf2fwqaUB_dlOQ 1 1   9093      0  972.9kb  972.9kb
yellow open  es-release-access-2022.09.18            9YNFCyBWQhWsn3ROjlbyMw 1 1  71630      0    5.1mb    5.1mb
yellow open  es-release-access-2022.10.07            lCYQ4u1RQc6JZqBnGX7rJg 1 1  87123      0    6.5mb    6.5mb
yellow open  es-release-access-2022.09.19            sexgXBGwQrCLXSgvuEVS3g 1 1  72537      0    5.3mb    5.3mb
yellow open  es-release-access-2022.10.08            gYnNClotS6Cj5b9R248Vqg 1 1  66824      0    4.4mb    4.4mb
yellow open  es-staging_test-2022.08.22              ex-Va-0ASRaLJEnQ5OdFWg 1 1   8134      0  886.9kb  886.9kb
yellow open  es-release-access-2022.10.05            EXcPEX3_Qx2ar6ruzap02A 1 1  88689      0      7mb      7mb
yellow open  es-staging_test-2022.08.21              NXh9TS0ZSx-l-E1vC_oAsg 1 1   4051      0  447.7kb  447.7kb
yellow open  es-release-access-2022.10.06            9LchI4XjSEuIP2JKYic0eQ 1 1 109216      0    7.3mb    7.3mb
yellow open  es-staging_test-2022.08.20              6q69DVZNRnKJVtEZ51vgYw 1 1   4081      0  497.3kb  497.3kb
yellow open  es-release-access-2022.10.03            IqSxCRiKSbSnh5NarYlg9g 1 1  86437      0    6.7mb    6.7mb
yellow open  es-release-access-2022.10.04            217IprQaQsO9KfL5_WZDSw 1 1  98478      0    7.9mb    7.9mb
yellow open  es-release-access-2022.10.01            Foo4IBbRTyeCZPq70etFww 1 1  72828      0    5.1mb    5.1mb
yellow open  es-release-access-2022.10.02            O81lrAb8Q--5RhBlwvSwhg 1 1  72314      0    5.1mb    5.1mb
yellow open  es-release-access-2022.09.20            UzqLW1mCSUqxzQqdgHJZZQ 1 1  86985      0      7mb      7mb
yellow open  es-staging_test-2022.08.27              WDxlzbXyT0e5eyHfX9Xs-A 1 1   3988      0  460.7kb  460.7kb
yellow open  es-release-access-2022.09.25            rl38YOJ4RPGbskbUZEuhoA 1 1  71424      0    5.1mb    5.1mb
yellow open  es-staging_test-2022.08.26              6G_I2UlmTmu9Ls7-Mqc6lA 1 1   8173      0  867.2kb  867.2kb
yellow open  es-release-access-2022.09.26            ArgN9W-FQTGIl5NMDYSTRw 1 1  81633      0    6.2mb    6.2mb
yellow open  es-staging_test-2022.08.25              KEOfHh_kRIGm15sPqCEOzQ 1 1  13245      0    1.1mb    1.1mb
yellow open  es-release-access-2022.09.27            DQl0AN0IR-aeaztkYK3-1g 1 1  82494      0    6.2mb    6.2mb
yellow open  es-release-access-2022.09.28            _tcpMJIcQreH_Zedmdmzlw 1 1 104276      0      9mb      9mb
yellow open  es-staging_test-2022.08.24              gr2x9FlASOewHSLsni6PWw 1 1   9614      0 1022.4kb 1022.4kb
yellow open  es-release-access-2022.09.21            fX6pbTSiQRCKFCQASaBraA 1 1  88479      0    7.3mb    7.3mb
yellow open  es-release-access-2022.09.22            oZl_VULxTISeW9DfF247xA 1 1  80558      0    6.4mb    6.4mb
yellow open  es-release-access-2022.09.23            DMxcezpjSVKKCA-3dlymSQ 1 1  80516      0    6.3mb    6.3mb
yellow open  es-staging_test-2022.08.29              JIpueC4XSP27XOG7QJHLEA 1 1   9095      0  942.8kb  942.8kb
yellow open  es-staging_test-2022.08.28              5XX0--ERQ8-Iqw5WfBMlcg 1 1   2545      0  297.6kb  297.6kb
yellow open  es-release-access-2022.09.24            eYi7EfenTVqPIFkKCoGkkw 1 1  71269      0      5mb      5mb
yellow open  es-release-access-2022.09.03            qeF-pb_uS7asJObBRNSDrg 1 1  71269      0    5.1mb    5.1mb
yellow open  es-release-access-2022.09.04            7dh9Uy9_SI2V_WY7xpEOFg 1 1  70955      0      5mb      5mb
yellow open  es-release-access-2022.09.05            GEI_I9FiQCemLe3Az_IKFQ 1 1  92054      0    7.6mb    7.6mb
yellow open  es-release-access-2022.09.06            d0UVkME7S0uj2_dJutmEww 1 1  96393      0    7.9mb    7.9mb
yellow open  es-release-access-2022.09.01            KZHwz0A7SCO-ib9AStaeIg 1 1  76739      0    5.8mb    5.8mb
yellow open  es-release-access-2022.09.02            b9dLZ-q6RRWX6t3Cue_KWA 1 1  71747      0    5.2mb    5.2mb
yellow close es-release-access-2022.07.27            -OI9zkbqShqDklkaqn7pbQ 1 1                                
yellow close es-release-access-2022.07.28            aVwVViIIQy2xWbEYcBA9VA 1 1                                
yellow close es-release-access-2022.07.29            6ah6GwwBRviPV171bfTbfg 1 1                                
yellow close es-release-access-2022.07.30            4ArEGBSuRymr6V_O19dWbA 1 1                                
yellow close es-release-access-2022.07.31            xTtD9hK2RiuWROhb4rLOHw 1 1                                
green  open  .kibana_task_manager_7.17.5_001         v8U_r4I7TpatmzpXKxKHFA 1 0     19 662698  155.5mb  155.5mb
yellow close event_hotkeywords_v1-2022.07.29         qpHHLPAOQNyHjFxtZv7cnw 1 1                                
yellow close event_hotkeywords_v1-2022.07.28         H6GK-FdUR0mfJ5DN5scX3w 1 1                                
yellow close event_hotkeywords_v1-2022.07.27         OF8H5WAAR3i5pfTxlTuZsQ 1 1                                
yellow close event_hotkeywords_v1-2022.07.26         mJHJSl0ASJW-3BVs_wT2Ow 1 1                                
green  open  .kibana_7.17.5_001                      OKRx7EVJSVmrb5DNxA-fmw 1 0    165     71    2.2mb    2.2mb
yellow close event_account_v1-2022.07.28             MwZNd6HYRYOEhBqa-vtz9g 1 1                                
yellow close event_account_v1-2022.07.29             xa2T0g1ISm64oJfx3sNUTA 1 1                                
yellow open  staging_ws_events_jobview_v1-2022.08.31 IFRIP6s3RG-pRMjuLLlfkg 1 1     50      0  164.6kb  164.6kb
yellow open  staging_ws_events_jobview_v1-2022.08.30 DocLnkEYTRmCxQIw26et5Q 1 1    315      0  319.7kb  319.7kb
yellow close event_hotkeywords_v1-2022.07.30         eDk6I-1bSvC5F8F-hSLx0Q 1 1                                
yellow close event_account_v1-2022.07.22             UiqBYcHbTCehEg2R2GpQxQ 1 1                                
yellow close event_account_v1-2022.07.23             wffRQ5uIT3qDhYEm1Q_nnQ 1 1                                
yellow close event_account_v1-2022.07.21             7LQSOShUTUandI55G1Qiug 1 1                                
yellow close event_account_v1-2022.07.26             kuGMXPsFTimt5E-1lBjDVA 1 1                                
yellow close event_account_v1-2022.07.27             SfPVnSJYQ36mFaiL4QtF2Q 1 1                                
yellow close event_account_v1-2022.07.25             NvLJRZFxST2Pz85qajLocA 1 1                                
yellow open  staging_ws_events_jobview_v1-2022.08.25 Hxx-JQMqQ7Si5_3j-Tu-gg 1 1     40      0  191.3kb  191.3kb
yellow open  staging_ws_events_jobview_v1-2022.08.24 3GafhX5ZSwybWwor5qu5mQ 1 1      9      0  155.1kb  155.1kb
yellow open  staging_ws_events_jobview_v1-2022.08.23 3M7X3tmZRWu8lLVlHAAfGA 1 1    144      0    207kb    207kb
yellow open  staging_ws_events_jobview_v1-2022.08.22 TLzsSAM2Qgul5FYmaA1SWg 1 1     99      0  162.7kb  162.7kb
yellow open  staging_ws_events_jobview_v1-2022.08.21 aVpQaoJKRsOEO9V6yZhZ8w 1 1     10      0   61.4kb   61.4kb
yellow open  staging_ws_events_jobview_v1-2022.08.20 EOQm6xcZRyWf5h93jN3U1g 1 1     13      0   92.7kb   92.7kb
yellow open  staging_ws_events_jobview_v1-2022.08.29 0TFDZkOGRTmWDRQ9vqWKHQ 1 1    117      0  221.2kb  221.2kb
yellow open  staging_ws_events_jobview_v1-2022.08.28 22VxP5-QTvWdoe5jTx2RXA 1 1      8      0   77.7kb   77.7kb
yellow open  staging_ws_events_jobview_v1-2022.08.27 0Dl5de3KQ-eAdmXxCGNdoA 1 1      5      0   84.5kb   84.5kb
yellow open  staging_ws_events_jobview_v1-2022.08.26 CIeEuv6ERGqbghPq9man9Q 1 1     37      0  192.3kb  192.3kb
yellow close staging_ws_events_jobview_v1-2022.08.12 eLMIeDtlR5mdTqRxkyR_Ig 1 1                                
yellow open  search                                  nA2t76BaTwWz6TTR51N6dA 1 1      1      0    3.4kb    3.4kb
yellow close staging_ws_events_jobview_v1-2022.08.11 yd2OFkVLTOKhOelLLxDSRQ 1 1                                
yellow close staging_ws_events_jobview_v1-2022.08.10 yKgAbHJzQfqNU0srKMtsTQ 1 1                                
yellow close staging_ws_events_jobview_v1-2022.08.19 p83wB3EXRzSvtBp09PKaKQ 1 1                                
yellow close staging_ws_events_jobview_v1-2022.08.18 Mz3e8YtcQYCmkWyEfMugJA 1 1                                
yellow close staging_ws_events_jobview_v1-2022.08.17 Xh1Bn2kRQyuUIGTrkUvY8w 1 1                                
yellow close staging_ws_events_jobview_v1-2022.08.16 Fld2ecbOQfa2ipO_L582Lw 1 1                                
yellow close staging_ws_events_jobview_v1-2022.08.15 Pnp95ZYbQMmsbbQbxaupcA 1 1                                
yellow close event_account_v1-2022.07.30             4XcvcGPrQqyARdxixw8XGg 1 1                                
yellow open  event_hotkeywords_v1-2022.09.04         uSTXpvhjRyO0eMZPuU8-cQ 1 1  41148      0    9.1mb    9.1mb
yellow open  event_hotkeywords_v1-2022.09.05         w-igtfyoQi2iORcJD1qkZw 1 1  86157      0   20.6mb   20.6mb
yellow close staging_ws_events_jobview_v1-2022.08.03 qIELcAVqTGiBkf4dhRoNPQ 1 1                                
yellow close staging_ws_events_jobview_v1-2022.08.02 aF0hhEePQ-2_FXpD8YgKgA 1 1                                
yellow close staging_ws_events_jobview_v1-2022.08.01 SI6b1aGPQqOXbbaXKgq9iQ 1 1                                
yellow close event_account_v1-2022.07.31             oO_Ihpe2SK6VwijvTXsUpA 1 1                                
yellow close staging_ws_events_jobview_v1-2022.08.09 -763k68nSZqJsBOtTBXD4A 1 1                                
yellow close staging_ws_events_jobview_v1-2022.08.08 pAEEVMr_THSFocXKS8V8VQ 1 1                                
yellow close staging_ws_events_jobview_v1-2022.08.06 OurYkTJpTduTPGYs1vkMsA 1 1                                
yellow close staging_ws_events_jobview_v1-2022.08.05 tJWC1nCfTIOu02kCN0B6Kg 1 1                                
yellow close staging_ws_events_jobview_v1-2022.08.04 gYIvTERPQw-HGda8stPM8Q 1 1                                
yellow close vnw_access-2022.07.31                   YFSv5_2BQ5Sm3xtogon8-A 1 1                                
yellow close vnw_access-2022.07.30                   rRgwHyzDSe6Klw6-EmYNZg 1 1                                
yellow close vnw_access-2022.07.25                   XHigVaMjRda3Dl_5RXDgBA 1 1                                
yellow close vnw_access-2022.07.24                   VYDLL9QkTqmIXEId5Ub0Gg 1 1                                
yellow close vnw_access-2022.07.23                   Jo7t2PzzSOmwHlpZWnQR2A 1 1                                
yellow close vnw_access-2022.07.22                   BtoeZk5yTCmaA6G4WWnRgQ 1 1                                
yellow close vnw_access-2022.07.29                   Lg_Ew7hkTxuc5QNspAbKGg 1 1                                
yellow close vnw_access-2022.07.28                   _8vdS9VDRoGxRW-_fTfR-w 1 1                                
yellow close vnw_access-2022.07.27                   jQ77KoeZR0u2dJDKaU9MGA 1 1                                
yellow close vnw_access-2022.07.26                   fpU4Ula2QuOTpKCXpcFZEg 1 1                                
yellow close event_hotkeywords_v1-2022.07.25         YMyjBKxuRhaeiVTNM6eq3Q 1 1                                
yellow close event_hotkeywords_v1-2022.07.23         1gmNLnszTPuN3Wj8ypmQJw 1 1                                
yellow close event_hotkeywords_v1-2022.07.22         KWxI6ay3TQy8m0uyTtW0cQ 1 1                                
yellow close event_hotkeywords_v1-2022.07.21         VdUhJKepRDS1E898pJgd7g 1 1                                
yellow close event_acl_tracking-2022.07.30           Qw1yxZ1LRvu0YCGpuQpCfg 1 1                                
yellow open  vnw_resume_search_event-2021.07         h4JphLv8QIOCLHzHTb5pqw 1 1      6      0   47.9kb   47.9kb
yellow open  vnw_resume_search_event-2021.08         AQ53kQlxTiySEbL5Wzy53w 1 1     23      0   42.4kb   42.4kb
yellow close event_editjob_v1-2022.07.29             a9lidHYOQzmjv5SpHfWDjg 1 1                                
yellow close event_editjob_v1-2022.07.28             vv3wMmZORgiC19Nlh1cy-A 1 1                                
yellow close event_editjob_v1-2022.07.27             wKORf1RLSnaszL_Gi5UncQ 1 1                                
yellow close event_editjob_v1-2022.07.26             i0IcsbizTYu7VF8mpYTf-Q 1 1                                
yellow close event_editjob_v1-2022.07.25             yndtG1zbTtaOn7TG__gMtg 1 1                                
yellow close event_acl_tracking-2022.07.29           x3HtDgO9SeOtq-u2Rm0I8Q 1 1                                
yellow close event_editjob_v1-2022.07.23             p4CVdVKFSV6aHfgaaAhbWg 1 1                                
yellow open  event_account_v1-2022.09.30             Wdz1COZqRCqKSE8Pwk7mwg 1 1     78      0  114.4kb  114.4kb
yellow close event_acl_tracking-2022.07.28           _TBsPJp4SUaJhyH2J0tONQ 1 1                                
yellow close event_acl_tracking-2022.07.27           _A8TF748RZuerxWX3VC_hQ 1 1                                
yellow close event_editjob_v1-2022.07.22             gfg6YFH1SqWIZ8mHKp68pA 1 1                                
yellow close event_acl_tracking-2022.07.26           ns5tCDB-TfmD4a0rKvUYqw 1 1                                
yellow close event_editjob_v1-2022.07.21             Mc8cUW0WSDiTHTz2x2Hqtg 1 1                                
yellow close event_acl_tracking-2022.07.25           SATKyqhtRKC5OkfmBCFJUw 1 1                                
yellow open  daxtra-error-release-2022.08.31         r9WF6jmhT-2xF81afIrb5w 1 1      7      0   74.7kb   74.7kb
yellow close event_acl_tracking-2022.07.23           RlQ6RQDVRiCiIni98w5Z_w 1 1                                
yellow close event_acl_tracking-2022.07.22           lHAyM12aQM245v47cVFfJg 1 1                                
yellow close event_acl_tracking-2022.07.21           TY-W_Z2pQSOxA-wQBdslKA 1 1                                
yellow open  daxtra-error-release-2022.08.30         3QonBHNzQjGUB2y01MLfdw 1 1      2      0   24.4kb   24.4kb
green  open  .tasks                                  _D9BWE4SQUSUxsYuPnK53A 1 0     11      0   63.1kb   63.1kb
yellow open  event_account_v1-2022.10.18             Hm60YxV6TKeMlqoX00wdBQ 1 1     23      0  144.2kb  144.2kb
yellow open  event_account_v1-2022.10.17             D12ppU1jR4WWZ2iJc2ocIQ 1 1    150      0  161.3kb  161.3kb
yellow open  staging_event_track_log_v1-2022.09.30   e27NrpTOQnC-QlsFi646zw 1 1     50      0   70.1kb   70.1kb
yellow open  staging_event_track_log_v1-2022.09.23   i0VEhux9QrWmCjLsgfvknA 1 1     75      0     98kb     98kb
yellow open  staging_event_track_log_v1-2022.09.24   Sk7oySOMSMGW4yjvb9EU4g 1 1      9      0   69.1kb   69.1kb
yellow open  staging_event_track_log_v1-2022.09.25   6iCZDOohQEmk-tj4_ZCjsg 1 1      7      0   69.7kb   69.7kb
yellow open  staging_event_track_log_v1-2022.09.26   CUCg_M9JQfm_UzSm7ExyVQ 1 1    223      0  167.8kb  167.8kb
yellow open  staging_event_track_log_v1-2022.09.27   nzLz81skQZCpMcuiKbYmFA 1 1    202      0  136.5kb  136.5kb
yellow open  staging_event_track_log_v1-2022.09.28   IGNKx64NQlWJdBIZbYs-kg 1 1    277      0  196.1kb  196.1kb
yellow open  staging_event_track_log_v1-2022.09.29   1v5-8uAgQQOiPWiZ7u0Rjw 1 1    131      0  200.9kb  200.9kb
yellow open  staging_event_track_log_v1-2022.09.20   x45GtJRbTqeop_iuvHhgkQ 1 1    155      0    197kb    197kb
yellow open  staging_event_track_log_v1-2022.09.21   rjIJt-cfRk6yQekECQsKcA 1 1    115      0  157.7kb  157.7kb
yellow open  staging_event_track_log_v1-2022.09.22   ldE7e4a5T_C8pFfrJEUGog 1 1     92      0  102.9kb  102.9kb
yellow close daxtra-error-release-2022.08.08         V2P8Dlf2TK-LPy15rra5uw 1 1                                
yellow close daxtra-error-release-2022.08.09         LqQdM45ZSEy19TmQR0GRBg 1 1                                
yellow close daxtra-error-release-2022.08.04         QqBa3a4RSQmY2Fs7LHDDxA 1 1                                
yellow close daxtra-error-release-2022.08.05         58w2_DndTZ2lSWSAlrmDUA 1 1                                
yellow close daxtra-error-release-2022.08.02         QiLfTMXYTeWIKgDEsCCLbA 1 1                                
yellow close daxtra-error-release-2022.08.03         9pyPHvETRsmt8aLGdMyQoA 1 1                                
yellow open  staging_event_track_log_v1-2022.09.12   DcjTyMqzRxy0RflzZWtVrw 1 1    149      0  204.8kb  204.8kb
yellow open  event_hotkeywords_v1-2022.09.10         v6XO8PwKQbK-z2p6iH6MGA 1 1  45539      0   10.4mb   10.4mb
yellow open  staging_event_track_log_v1-2022.09.13   Hg2H7BPuQzqEoE8axJ5roA 1 1     77      0   93.2kb   93.2kb
yellow close daxtra-error-release-2022.08.01         TNBbcFIzTbaPJjbvozPazg 1 1                                
yellow open  staging_event_track_log_v1-2022.09.14   tYdzkE-VQjuzLV3EiwfIXg 1 1    144      0  156.1kb  156.1kb
yellow open  event_hotkeywords_v1-2022.09.11         IRynC7F6QkqsvPi7snfHBQ 1 1  49113      0     11mb     11mb
yellow open  staging_event_track_log_v1-2022.09.15   rzOa-DuJT5S8t66AJcTXZQ 1 1    206      0  124.7kb  124.7kb
yellow open  event_hotkeywords_v1-2022.09.12         ApxHMIpcTyiXKzAGS68GiA 1 1  89183      0   21.2mb   21.2mb
yellow open  event_hotkeywords_v1-2022.09.13         kzemBIKnRPmGnfmB9YrQmQ 1 1 104255      0   25.4mb   25.4mb
yellow open  staging_event_track_log_v1-2022.09.16   B_IhLjZ3R0iTyBbCZ0Wraw 1 1     84      0  132.1kb  132.1kb
yellow open  event_hotkeywords_v1-2022.09.14         ztMv2gpnSGSx6ShL5HODmg 1 1  62161      0   16.2mb   16.2mb
yellow open  event_hotkeywords_v1-2022.09.15         _gFkg_LAQ5CQiRpyIzkPaA 1 1     90      0   97.4kb   97.4kb
yellow open  event_hotkeywords_v1-2022.09.16         3VQkOGC0RJGr4E0WkOjSEA 1 1     59      0  102.6kb  102.6kb
yellow open  staging_event_track_log_v1-2022.09.19   t6P6HcH7RPyZwawc0_yv5g 1 1    107      0  133.1kb  133.1kb
yellow open  event_hotkeywords_v1-2022.09.06         aWq8j8f1Szy7tSGQQhJ_mg 1 1  82440      0   20.2mb   20.2mb
yellow open  event_hotkeywords_v1-2022.09.07         nisgQnDTSU2HUl0I-c_oPw 1 1  80310      0   18.5mb   18.5mb
yellow open  event_account_v1-2022.09.09             Www9oyMUR4iTdmBW877Nig 1 1    156      0  131.9kb  131.9kb
yellow open  event_hotkeywords_v1-2022.09.08         c8iP9ToQTACSBl41GqbgeA 1 1  73845      0   16.7mb   16.7mb
yellow open  event_hotkeywords_v1-2022.09.09         Ki_yUByaSqiqvAovpNik1g 1 1  63663      0   14.2mb   14.2mb
yellow open  event_account_v1-2022.09.08             vyRHLFsVT0mBVDg-EM-EtA 1 1    208      0    204kb    204kb
yellow open  staging_event_track_log_v1-2022.09.11   hZBlZ_moTb-v2AKBjL_osg 1 1      5      0   66.8kb   66.8kb
yellow open  event_editjob_v1-2022.09.05             SlrQ8yo6TB6fT1GwxAa8sQ 1 1     18      0  301.5kb  301.5kb
yellow open  event_editjob_v1-2022.09.06             rHtQLZcmQQyTCdKCE7WXGQ 1 1     13      0    272kb    272kb
yellow open  event_account_v1-2022.09.07             ggYzRlCwSsqdOxJh9VMdDA 1 1    195      0  106.5kb  106.5kb
yellow open  event_editjob_v1-2022.09.07             DZbNTS9fSFCuk6lSmkNyug 1 1     23      0  253.6kb  253.6kb
yellow open  event_account_v1-2022.09.06             j_rpUqe_QveKjFqxmCMArg 1 1    192      0  219.2kb  219.2kb
yellow open  event_editjob_v1-2022.09.08             uCmYdY2wSxiR_EjyXDYdHg 1 1     45      0  303.5kb  303.5kb
yellow open  event_account_v1-2022.09.05             v0KmuElfTdSt9jopbOLKNA 1 1    152      0  197.7kb  197.7kb
yellow open  event_editjob_v1-2022.09.09             7tWaRIhLQRiOuibETH9D8A 1 1     14      0  215.8kb  215.8kb
yellow open  staging_event_track_log_v1-2022.09.09   rHpWoYNcTxu2tUnYBvNNRQ 1 1    138      0   86.8kb   86.8kb
yellow open  staging_event_track_log_v1-2022.09.01   7wSy2jjlSSurCvZzLE42Dg 1 1      1      0   17.1kb   17.1kb
yellow open  event_hotkeywords_v1-2022.09.20         U7a7NrIEQza3HkBvHMPbRA 1 1     22      0   81.5kb   81.5kb
yellow open  event_hotkeywords_v1-2022.09.21         aeOP-D8TSMGWMHT-D43fow 1 1     86      0  167.5kb  167.5kb
yellow open  event_hotkeywords_v1-2022.09.22         eVFaNkjQRyiIDWEBNcRwlA 1 1     40      0  120.1kb  120.1kb
yellow open  event_hotkeywords_v1-2022.09.23         5AKoP7fwR6-HUXFc4Z1WAw 1 1     45      0     97kb     97kb
yellow open  event_hotkeywords_v1-2022.09.24         S8Eoyte8Q3GhLFat2rc_Kg 1 1      5      0   36.9kb   36.9kb
yellow open  staging_event_track_log_v1-2022.09.05   -MM0DY0PTuO69NeEWVQZlw 1 1    122      0  157.9kb  157.9kb
yellow open  staging_event_track_log_v1-2022.09.06   8ZU2hPedTHyK_0JeVegKAg 1 1    167      0  173.4kb  173.4kb
yellow open  staging_event_track_log_v1-2022.09.07   4h9h8QUMSL-l7lCb7lwwFA 1 1    189      0  194.9kb  194.9kb
yellow open  event_hotkeywords_v1-2022.09.26         n7CrTxG9SvuT2gWgrFUCiw 1 1     51      0    128kb    128kb
yellow open  staging_event_track_log_v1-2022.09.08   rYwYk9foRdqgQDlD5O_CxA 1 1    238      0  150.5kb  150.5kb
yellow open  event_hotkeywords_v1-2022.09.27         gV2BTL3lT02FdT_bjb2ztw 1 1    500      0    269kb    269kb
yellow open  event_hotkeywords_v1-2022.10.06         S9RDhCPBRMClAmqFYEXfyg 1 1    609      0  260.4kb  260.4kb
yellow open  event_hotkeywords_v1-2022.10.07         wY_rDeQtQGGenISXbKqjPw 1 1    282      0  172.9kb  172.9kb
yellow open  event_hotkeywords_v1-2022.10.04         CxVCNWMxS8WLBLDtEIm-uA 1 1    312      0  147.7kb  147.7kb
yellow open  event_hotkeywords_v1-2022.09.19         P8mw6QB-Q86EjGBknVXmmA 1 1     75      0  120.2kb  120.2kb
yellow open  event_hotkeywords_v1-2022.10.05         7a2UThHvRiSx7665GcPqVg 1 1    184      0  175.9kb  175.9kb
yellow open  event_hotkeywords_v1-2022.10.03         _jRtvzLERhODbSBSZohqEQ 1 1    220      0  131.6kb  131.6kb
yellow open  daxtra-error-release-2022.08.26         INIHXsLuSEeVy7lXlP7TnQ 1 1      1      0   12.5kb   12.5kb
yellow open  event_account_v1-2022.09.21             i8Ay1O_DSsyvHXIfLLaQeQ 1 1    108      0   89.2kb   89.2kb
yellow open  event_account_v1-2022.09.20             XMaHlWWkS7WQQpxyJo-bQQ 1 1    171      0  202.6kb  202.6kb
yellow open  daxtra-error-release-2022.08.24         cZ6gA9jqQEydYzE62vPkbA 1 1    111      0  136.7kb  136.7kb
yellow open  daxtra-error-release-2022.08.25         sZ9LvpH9Q5uUkfmodVQSPg 1 1     45      0   36.6kb   36.6kb
yellow open  event_hotkeywords_v1-2022.09.30         P0kOinjbRb6_KzMNrDz4gQ 1 1     19      0   29.4kb   29.4kb
yellow open  event_account_v1-2022.10.14             E9k3oCtnQFuqt81JKVLkQA 1 1     90      0    157kb    157kb
yellow open  daxtra-error-release-2022.08.22         Cw5ck_rXShC3rj1tuw2YAQ 1 1      6      0   73.6kb   73.6kb
yellow open  event_account_v1-2022.10.13             Q_rfCm2hSYmBcxMiIKO_zg 1 1    145      0  103.3kb  103.3kb
yellow open  event_account_v1-2022.10.16             IXHjzS8KQk2qpdiZ6uWYoA 1 1      2      0   26.7kb   26.7kb
yellow open  event_account_v1-2022.10.15             VgPSDO92SUWXm9qzqBk7mQ 1 1      6      0   42.6kb   42.6kb
yellow open  event_account_v1-2022.10.10             dH7y6KH_ReSEmKDau013Cg 1 1    134      0  162.1kb  162.1kb
yellow open  event_account_v1-2022.10.12             YS5Rd2fHQ82g5yjWUZ-uHA 1 1    170      0  195.8kb  195.8kb
yellow open  event_account_v1-2022.10.11             Ldzvb2YuQXWfsSqTyhYfiw 1 1    130      0  135.7kb  135.7kb
yellow open  event_hotkeywords_v1-2022.09.28         ld3sHn3RQjayyLRGEEeYew 1 1    103      0  152.4kb  152.4kb
yellow open  event_hotkeywords_v1-2022.10.17         f1YwCQLqQ1SdsaAan131fA 1 1    177      0  189.9kb  189.9kb
yellow open  event_hotkeywords_v1-2022.10.18         cf_4QSzFTiuU3_Wl3lIbWg 1 1      4      0   21.9kb   21.9kb
yellow open  event_hotkeywords_v1-2022.09.29         WXYUpkUkRmGkFEIvzAnS2Q 1 1    313      0  220.4kb  220.4kb
yellow open  event_account_v1-2022.10.07             64sCTWo0SVCCCxakS8QPog 1 1     51      0    100kb    100kb
yellow open  event_account_v1-2022.10.06             WpG81ZfTQWe2am2sfoWAsw 1 1     89      0  143.9kb  143.9kb
yellow open  event_account_v1-2022.10.09             UMyik1MITx6yk1FYxXaTQQ 1 1      5      0   54.5kb   54.5kb
yellow open  event_account_v1-2022.10.08             sd5Sej6DR9uNvbCFsSohuQ 1 1      2      0   26.7kb   26.7kb
yellow open  event_account_v1-2022.09.25             93Twe21vT9CONykU8EFYXQ 1 1      8      0     58kb     58kb
yellow open  event_hotkeywords_v1-2022.10.10         48_Hw5_WRQyxZcvG1hNl5w 1 1    508      0    277kb    277kb
yellow open  event_account_v1-2022.09.24             ZN_P0YQfQx-6c0siqVhZ0Q 1 1     10      0   86.2kb   86.2kb
yellow open  event_account_v1-2022.09.23             ExYza2dpRHyp3LDV7nUS1A 1 1     96      0  136.5kb  136.5kb
yellow open  event_account_v1-2022.09.22             bUnzkUl8SF-HLQ9XhOY4bw 1 1    101      0   87.1kb   87.1kb
yellow open  event_hotkeywords_v1-2022.10.13         YkcVKB64SgaR16umaPBWgA 1 1    417      0  144.4kb  144.4kb
yellow open  event_account_v1-2022.09.29             htIQ-tq7QEKg-_PV2QUWWA 1 1    130      0  199.1kb  199.1kb
yellow open  event_hotkeywords_v1-2022.10.14         aw0JKRa5QzqivsJ7LfNzwQ 1 1     55      0    109kb    109kb
yellow open  event_account_v1-2022.09.28             3j0UwrZjS2eWWMnzv1rPIw 1 1    243      0  161.2kb  161.2kb
yellow open  event_hotkeywords_v1-2022.10.11         6piweH6OSs2Pgzs4KwFRAQ 1 1    227      0  187.4kb  187.4kb
yellow open  event_account_v1-2022.09.27             NgCqbhCYRVmyj976SERI1Q 1 1    143      0  131.1kb  131.1kb
yellow open  event_hotkeywords_v1-2022.10.12         8dibbfQQQ2uYW7r2wGS1Hw 1 1    308      0  209.4kb  209.4kb
yellow open  event_account_v1-2022.09.26             ncpI4hxdTcWZPKT7iLaAfA 1 1    152      0  151.1kb  151.1kb
yellow close daxtra-error-release-2022.08.19         fBhjaQSZRkGwF2e5DKplLQ 1 1                                
yellow close daxtra-error-release-2022.08.17         yzot4SgpSHO0M7Kr8dSi9A 1 1                                
yellow close daxtra-error-release-2022.08.18         zyrkd9fsRR-cmtlzvJ2Brw 1 1                                
yellow close daxtra-error-release-2022.08.16         iXsINYhGTxOMnrzYYuKh_g 1 1                                
yellow open  event_account_v1-2022.10.03             qe5E25NDSyedlJV_P7rLjQ 1 1    170      0  145.4kb  145.4kb
yellow close daxtra-error-release-2022.08.12         gPPIOShMRSad7JTjyvmjKw 1 1                                
yellow open  event_account_v1-2022.10.05             ampYm-dVTVKi_HFAF2GWPw 1 1     86      0  171.9kb  171.9kb
yellow open  event_account_v1-2022.10.04             5kFMbTGSTKCY2Iww5yZYBQ 1 1    159      0  167.1kb  167.1kb
yellow close daxtra-error-release-2022.08.10         mMuPOZzMSVyfcmI3NG-Hpw 1 1                                
yellow open  event_account_v1-2022.10.01             OH6h7Z0dTy64W4hwEB8cAg 1 1      1      0   13.1kb   13.1kb
yellow open  event_account_v1-2022.09.19             2y3ctT65QamM3w57zfhIKA 1 1    127      0    118kb    118kb
yellow open  event_account_v1-2022.09.14             SjjZiiU3QEW56I1q2RNYow 1 1    152      0  168.6kb  168.6kb
yellow open  event_account_v1-2022.09.13             ieErromnSMKBln1iDpiWqw 1 1     99      0  107.6kb  107.6kb
yellow open  event_account_v1-2022.09.12             LDfoCOgRQ-2Ky5dYZ9HEkQ 1 1    114      0  165.5kb  165.5kb
yellow open  event_account_v1-2022.09.11             DqC5nDfrTOu6XV4AVkg8_g 1 1      8      0   71.2kb   71.2kb
yellow open  event_account_v1-2022.09.16             EWp4pS27RlyDt_9GzkoLmA 1 1    126      0  174.8kb  174.8kb
yellow open  event_account_v1-2022.09.15             4RB_wU6rT_eAzE0AEi-Kmw 1 1    188      0  109.1kb  109.1kb
yellow close staging_event_track_log_v1-2022.07.31   zf0vrUxfSmGzeAZFNskWQg 1 1                                
yellow close staging_event_track_log_v1-2022.07.30   HzDapgsPTuutfoFeQO4ZvQ 1 1                                
yellow close staging_event_track_log_v1-2022.07.28   IDFaqVPFRvCIt4YBhiPN-A 1 1                                
yellow close staging_event_track_log_v1-2022.07.27   sXGYRWGKTouhErlr4ML-UQ 1 1                                
yellow close staging_event_track_log_v1-2022.07.26   p7fHe1gpRM6V7HRDBGWQFw 1 1                                
yellow close staging_event_track_log_v1-2022.07.25   nsu9xXXUTGyl0OmlK44yrw 1 1                                
yellow close staging_event_track_log_v1-2022.07.23   VEzg0YExTmKxJGc0ynvcjw 1 1                                
yellow close staging_event_track_log_v1-2022.07.22   t_CTWOR5Sh6A6PN_4F1P6Q 1 1                                
yellow close staging_event_track_log_v1-2022.07.21   FVpFNy-zT4yVPr0lqgSi_A 1 1                                
yellow close staging_event_track_log_v1-2022.07.29   D2xi4YXRRPWGcvSPXSmfFg 1 1                                
yellow open  event_ats_tracking-2022.09.30           _y1K8WreRvS4e0muzfDnKA 1 1    191      0  128.2kb  128.2kb
yellow open  es-staging_test-2022.09.01              WeUTliNwRBiF0g703jpNIw 1 1  13450      0  979.8kb  979.8kb
yellow open  es-staging_test-2022.09.02              evCcW5XqQ7qNCVb21bCgBg 1 1  19622      0    1.3mb    1.3mb
yellow open  event_ats_tracking-2022.10.03           L5lWzH7ITI6NVp5ulsBg0Q 1 1    149      0  152.8kb  152.8kb
yellow open  event_ats_tracking-2022.10.04           4zWA8mpqT_257LIH2DaVUQ 1 1     16      0   90.3kb   90.3kb
yellow open  event_acl_tracking-2022.09.20           FWn1hV6qR_S8YRItpd9GGQ 1 1    203      0    598kb    598kb
yellow open  event_acl_tracking-2022.09.21           RcR6lA1hTcWcX5CZpVZIEw 1 1    121      0  326.6kb  326.6kb
yellow open  event_acl_tracking-2022.10.10           DbVAHnp_R4enNOhwjw-StQ 1 1    589      0  621.8kb  621.8kb
yellow open  event_acl_tracking-2022.10.11           7pOiE6NSTFyfcMqdA3rYeg 1 1     71      0  192.8kb  192.8kb
yellow open  event_acl_tracking-2022.09.22           DC1PmqIeQ5GCl3vEJd7-zA 1 1     83      0  345.4kb  345.4kb
yellow open  event_acl_tracking-2022.09.23           O6SZvMUhQEOIcFg7ORJ-hw 1 1     45      0  273.4kb  273.4kb
yellow open  event_acl_tracking-2022.09.24           DB29SI6TQbKeHZUFhL-09Q 1 1      9      0    121kb    121kb
yellow open  event_acl_tracking-2022.09.25           zslTOJKYQV-xPJe9Zt2DnA 1 1      3      0   61.2kb   61.2kb
yellow open  event_acl_tracking-2022.10.14           i3z1LkCETqOHV5htvGMUhA 1 1    193      0    371kb    371kb
yellow open  event_acl_tracking-2022.10.15           ACpRMhh4TbOtrzyCXmF-OA 1 1     25      0  186.1kb  186.1kb
yellow open  event_acl_tracking-2022.09.26           M9NkTnHPRNCu-0VNX0aZXw 1 1    115      0  397.7kb  397.7kb
yellow open  event_acl_tracking-2022.10.12           _ggy1_aJTnuBRxVfOqqeEA 1 1    108      0  261.7kb  261.7kb
yellow open  event_acl_tracking-2022.09.27           eYCrQfsGSDqNdxKzaOhpEg 1 1     76      0  213.3kb  213.3kb
yellow open  event_acl_tracking-2022.10.13           P2XsLCpiRhiixhiZ48oYcg 1 1    219      0  317.1kb  317.1kb
yellow open  event_acl_tracking-2022.09.28           OK0Bzx7vQkm44sqDwRBnCw 1 1    103      0  282.3kb  282.3kb
yellow open  es-staging_test-2022.09.07              _PYskcEdQLy6walHfTSgTA 1 1  23642      0    1.7mb    1.7mb
yellow open  event_ats_tracking-2022.09.12           EM7nTyEHR468oRANrNsATg 1 1     20      0  133.8kb  133.8kb
yellow open  event_acl_tracking-2022.09.29           UcXTfZ0tTMWbXdtF7opJEQ 1 1    182      0    307kb    307kb
yellow open  event_ats_tracking-2022.09.13           8qFh6MNfS2mwkOHzGHuifA 1 1     15      0   56.1kb   56.1kb
yellow open  es-staging_test-2022.09.08              BGmsmXX0RPK2-6oy1NMwbQ 1 1  21487      0    1.6mb    1.6mb
yellow open  event_ats_tracking-2022.09.14           eoi8ApkjQR2GW4g_v9J1og 1 1     37      0  130.9kb  130.9kb
yellow open  es-staging_test-2022.09.09              RhHYitoMS1uYBIJfsRXoAA 1 1  23258      0    1.7mb    1.7mb
yellow open  event_ats_tracking-2022.09.15           GLdUE1kCR0GzBPlWC-EaKQ 1 1    139      0  119.5kb  119.5kb
yellow open  es-staging_test-2022.09.03              tZGOeEmNSjmczxi3GqtMoA 1 1  19574      0    1.2mb    1.2mb
yellow open  event_ats_tracking-2022.09.16           jiAyVoEBR-yWstTf1scxPQ 1 1    113      0  146.1kb  146.1kb
yellow open  es-staging_test-2022.09.04              PTxsnMXNTmKYbTUBJcy13w 1 1  20014      0    1.3mb    1.3mb
yellow open  es-staging_test-2022.09.05              5aM-44Q9RXCWzKNWt0-a9Q 1 1  24238      0    1.8mb    1.8mb
yellow open  event_ats_tracking-2022.09.19           JAJYwro0Rk2uPf3ZAL_tMg 1 1     32      0   68.5kb   68.5kb
yellow open  es-staging_test-2022.09.06              3AOZzzZaQGeMD5DDqMgGqw 1 1  23408      0    1.7mb    1.7mb
yellow open  es-staging_test-2022.09.10              ZoMaBLWVTeG0gCIuQvy9IQ 1 1  20021      0    1.3mb    1.3mb
yellow open  es-staging_test-2022.09.11              KWntqKhETzmgHkXDt7LkKw 1 1  19861      0    1.3mb    1.3mb
yellow open  es-staging_test-2022.09.12              7yYNYCpeSxib3YwMhRkijA 1 1  21994      0    1.6mb    1.6mb
yellow open  event_ats_tracking-2022.10.18           ItGArvN2SGK0RO2aQ7zXvw 1 1      3      0   41.6kb   41.6kb
yellow open  es-staging_test-2022.09.13              qv4caYCVQ2qHck4MFgHmyw 1 1  21779      0    1.6mb    1.6mb
yellow open  event_ats_tracking-2022.10.12           TrCqJdL0TdOw7LTPikeHJg 1 1     46      0  117.9kb  117.9kb
yellow open  es-staging_test-2022.10.07              26M-QT7aTjy7lynKfIrIwQ 1 1  44461      0    3.1mb    3.1mb
yellow open  event_acl_tracking-2022.10.18           FgCHv6sMQ-W4Fr4Huyvqqg 1 1      7      0  115.6kb  115.6kb
yellow open  es-staging_test-2022.10.08              wLR44Y_BSduyfpU5zMPoPA 1 1  42069      0    2.7mb    2.7mb
yellow open  event_ats_tracking-2022.10.13           rcBISFSvTLa7aRI9vL9jhA 1 1    115      0  185.5kb  185.5kb
yellow open  event_acl_tracking-2022.10.16           zpegkryrTn2S6fPR4AKWpA 1 1      3      0   56.5kb   56.5kb
yellow open  es-staging_test-2022.10.05              1QmQRDaATO6ErmqXGh539A 1 1  44024      0      3mb      3mb
yellow open  event_ats_tracking-2022.10.10           FJXJsMtmS1O6jhhUvjrYoA 1 1    333      0  309.4kb  309.4kb
yellow open  event_ats_tracking-2022.10.11           V13a7rW7TRmejEUHHc4-mg 1 1      7      0  102.6kb  102.6kb
yellow open  event_acl_tracking-2022.10.17           N9DgQCRZTcSMba7fMZ8o9w 1 1     97      0    475kb    475kb
yellow open  es-staging_test-2022.10.06              nwGg5S0dQq6K863SwcvxtQ 1 1  43804      0      3mb      3mb
yellow open  es-staging_test-2022.10.03              5UKyfqCMTHCx-3Z2kTQo5w 1 1  50371      0    3.7mb    3.7mb
yellow open  event_ats_tracking-2022.10.17           nq4dNVryQsywkqnTyzUnZA 1 1     80      0  148.1kb  148.1kb
yellow open  es-staging_test-2022.10.04              RDuhpBtqRg2Q_Ilxwf5KLw 1 1  51949      0    3.5mb    3.5mb
yellow open  es-staging_test-2022.10.01              vafVR_8RS46UyDWCTNxEsg 1 1  41594      0    2.6mb    2.6mb
yellow open  event_acl_tracking-2022.09.30           5j8Lri3YRX6adOwQcib2Og 1 1    211      0  279.1kb  279.1kb
yellow open  event_ats_tracking-2022.10.14           RwQAMvF0TLePYXcUVS8zHw 1 1    134      0  151.1kb  151.1kb
yellow open  event_ats_tracking-2022.10.15           KoREDTtYSvaPiXXWSOFQNw 1 1     19      0   93.6kb   93.6kb
yellow open  es-staging_test-2022.10.02              9norGD_9ReiT7-HvGgmF0w 1 1  42484      0    2.6mb    2.6mb
yellow open  event_ats_tracking-2022.09.20           K31b_6xATqyw79X898lDGw 1 1    112      0     98kb     98kb
yellow open  event_ats_tracking-2022.09.21           5EkoRl-HRcqbU14QI4YNTw 1 1     58      0  186.4kb  186.4kb
yellow open  event_ats_tracking-2022.09.22           TfqOlxI8SQ64jpwhZdZSvQ 1 1     46      0   76.9kb   76.9kb
yellow open  event_ats_tracking-2022.09.23           WuImwWaLS2WxISSl96ogrg 1 1     21      0  151.5kb  151.5kb
yellow open  es-staging_test-2022.09.18              H9ufrq60TgCPIoPGnuzN9Q 1 1  19466      0    1.2mb    1.2mb
yellow open  es-staging_test-2022.09.19              aJ4LdAWQSguZGL7JwkmzGA 1 1  23235      0    1.7mb    1.7mb
yellow open  it_keyword-2022.08.30                   8bEbS1GyRL-0WZO9PcCeXQ 1 1      7      0   46.6kb   46.6kb
yellow open  event_ats_tracking-2022.09.26           IQz97v7wRLShuM2G1aUg-A 1 1     31      0   69.5kb   69.5kb
yellow open  es-staging_test-2022.09.14              3Mv3OK7-QjSg8q_EBwMsWA 1 1  23941      0    1.7mb    1.7mb
yellow open  event_ats_tracking-2022.09.27           IqOd18FbSu-tfdcItNPe_g 1 1     15      0   69.1kb   69.1kb
yellow open  es-staging_test-2022.09.15              fJNylA3vRjKUKHjRRL6n0g 1 1  26220      0    1.9mb    1.9mb
yellow open  event_ats_tracking-2022.09.28           J5VIs4P9T-yzxGSqZbTqJg 1 1     51      0  153.2kb  153.2kb
yellow open  es-staging_test-2022.09.16              xWPLdLfST32t3Xrjajsf6w 1 1  24496      0    1.8mb    1.8mb
yellow open  event_ats_tracking-2022.09.29           2JO24Lr8QR-wljijiQTR8Q 1 1    136      0  175.7kb  175.7kb
yellow open  it_keyword-2022.08.31                   nF-Mj1P1S2-4pac97gkT3A 1 1      6      0   37.2kb   37.2kb
yellow open  es-staging_test-2022.09.17              GSkpi8UFSr6L3qsVLWAQZw 1 1  19762      0    1.3mb    1.3mb
yellow open  es-staging_test-2022.10.10              NUmVuzeMRMSkgsdqqCi_kQ 1 1 105580      0    8.4mb    8.4mb
yellow open  es-staging_test-2022.09.21              eq6pKFnIT9qWzLAlWeJxZg 1 1  30228      0    2.2mb    2.2mb
yellow open  es-staging_test-2022.09.22              gv_FCnApRJ2-ZGDtHa0u2A 1 1  27378      0      2mb      2mb
yellow open  es-staging_test-2022.10.11              jNFliq9gRoWhoQgroe3VSw 1 1  47203      0    3.3mb    3.3mb
yellow open  es-staging_test-2022.09.23              TSev_kA6Q06nO5kYT8hnIQ 1 1  23637      0    1.7mb    1.7mb
yellow open  es-staging_test-2022.09.24              8z3JhE3PRMGNqVH7t9aV4Q 1 1  21208      0    1.5mb    1.5mb
yellow open  es-staging_test-2022.09.20              6rmCadLgT4CzNF7vCX9azQ 1 1  25242      0    1.8mb    1.8mb
yellow open  es-staging_test-2022.10.18              4daWMIAjQJuEJbyiO3xKOQ 1 1   4516      0  461.4kb  461.4kb
yellow open  es-staging_test-2022.10.16              6ZzcNtvVTTmI7zgtLNsJlQ 1 1  42627      0    2.7mb    2.7mb
yellow open  es-staging_test-2022.10.17              iPSkt4e_Q-KX6a3FopMVOg 1 1  53121      0      4mb      4mb
yellow open  es-staging_test-2022.10.14              Kax9pceiRkuSAQnAa7MsEg 1 1  54957      0      4mb      4mb
yellow open  es-staging_test-2022.10.15              u69HVEmuSbGc61Y_59xLFQ 1 1  43955      0    2.8mb    2.8mb
yellow open  es-staging_test-2022.10.12              8RsoI0yEQ5KoCnouJk2JAQ 1 1  48371      0    3.4mb    3.4mb
yellow open  es-staging_test-2022.10.13              mdVEvH_BS3G3M-jyTXKiXQ 1 1  48339      0    3.4mb    3.4mb
yellow open  event_acl_tracking-2022.09.05           GBPI-S7pSdSIVh7ZJgCbcA 1 1      8      0   95.3kb   95.3kb
yellow open  es-staging_test-2022.10.09              tWYlJeeITq-bFXyEUD8SrA 1 1  41821      0    2.5mb    2.5mb
yellow open  event_acl_tracking-2022.09.06           9H1S3EmVSMGIsfIcr17yeA 1 1      3      0   38.5kb   38.5kb
yellow open  es-staging_test-2022.09.29              -g3JutZLRvmXIM3HrsCiNQ 1 1  46681      0    3.3mb    3.3mb
yellow open  event_acl_tracking-2022.09.09           YFgq3AzYRGqcI_QZemYsXA 1 1    191      0  300.2kb  300.2kb
yellow open  es-staging_test-2022.09.25              w2OH3lvOR9azs0D0AfdC1w 1 1  21534      0    1.5mb    1.5mb
yellow open  es-staging_test-2022.09.26              wj73a9u_SvC6w-MoMeESnw 1 1  31634      0    2.4mb    2.4mb
yellow open  es-staging_test-2022.09.27              7On4OpL4Q6yAxQup_bw1YQ 1 1  44187      0    3.3mb    3.3mb
yellow open  es-staging_test-2022.09.28              zERe7-3GQGmXcoz6ATxcMQ 1 1  47421      0    3.3mb    3.3mb
yellow open  event_ats_tracking-2022.09.09           4mfR_TxHS_my0_DRWI7jtg 1 1    108      0  101.5kb  101.5kb
yellow open  es-staging_test-2022.09.30              MYRhU83NRMms_a_OVeD1IA 1 1  46835      0    3.3mb    3.3mb
yellow open  event_acl_tracking-2022.09.11           XVvrGfK0ROm1FZFv28osCw 1 1     10      0  137.9kb  137.9kb
yellow open  event_acl_tracking-2022.09.12           bvpG2HmwS16KBlN4btJdBw 1 1     30      0  106.6kb  106.6kb
yellow open  event_acl_tracking-2022.09.13           XAf5jQ0BTjumwRetjiYRYQ 1 1     33      0  193.5kb  193.5kb
yellow open  event_acl_tracking-2022.09.14           p_oj4kIGQjaf8MrfotJmtg 1 1     61      0  269.2kb  269.2kb
yellow open  event_acl_tracking-2022.10.03           lFi0xSFER1aHsSQYmM0l0w 1 1    224      0  482.9kb  482.9kb
yellow open  event_acl_tracking-2022.09.15           W8MiHok5SOauAXiLf7drbA 1 1    245      0  472.8kb  472.8kb
yellow open  event_acl_tracking-2022.10.04           k7w-OMNuTBe5mwT0a5UO7Q 1 1     30      0  219.7kb  219.7kb
yellow open  event_acl_tracking-2022.09.16           2CqkWS1rSbu3AA7fzJOgDA 1 1    259      0  829.7kb  829.7kb
yellow open  event_acl_tracking-2022.09.19           u-IqtT5pQpqCxodB-mJ8FA 1 1     94      0  688.8kb  688.8kb
yellow close it_keyword-2022.08.04                   R0UZ2-OHTaSgJK9NJZawTw 1 1                                
yellow close it_keyword-2022.08.02                   z3G6B8d_QTmmnEQ4ma7sNQ 1 1                                
yellow close it_keyword-2022.08.03                   hwE1pvb_T_af-gHkJ0jMig 1 1                                
yellow close es-staging_test-2022.07.22              BGOTBuaTREWVyR9y2C2z0Q 1 1                                
yellow close it_keyword-2022.08.08                   Qhk0LOOSRdapDgjJIAFw8g 1 1                                
yellow close es-staging_test-2022.07.21              Vn46408vToalk1Ig2sQMJg 1 1                                
yellow close it_keyword-2022.08.09                   YVVmzL-JTgmNA-8HSTa3ag 1 1                                
yellow close event_ats_tracking-2022.07.30           AoLsxFyUSSKuUFHM9qhDZA 1 1                                
yellow close es-staging_test-2022.07.26              -lnOp3zrTdmhhKAxRLDdAg 1 1                                
yellow close es-staging_test-2022.07.25              mvHjU-bsTduIEqCA8mnMAg 1 1                                
yellow close es-staging_test-2022.07.24              t_t2Mh-YRYO6Ej9NPsOGsg 1 1                                
yellow close es-staging_test-2022.07.23              3mbBLNO3Q-mbmmhissASIg 1 1                                
yellow close es-staging_test-2022.07.29              SiyOimUKS3G5B3AF_iCbmw 1 1                                
yellow close it_keyword-2022.08.01                   6wDMwvwFSnKh10ee1SFQxQ 1 1                                
yellow close es-staging_test-2022.07.28              B60jZENMTayTrkZanFVzwA 1 1                                
yellow close es-staging_test-2022.07.27              kF_4IT1-T5iUscp4CBFAEQ 1 1                                
yellow close es-staging_test-2022.07.31              C33-jSnLTNO7SDckOm0HDQ 1 1                                
yellow close es-staging_test-2022.07.30              15AkoQGPSYSJQDJGoTPiLw 1 1                                
yellow open  it_keyword-2022.08.26                   ysQ6tKv7TuG91Lo2NpDLcw 1 1      2      0   17.8kb   17.8kb
yellow open  it_keyword-2022.08.24                   3EkTEoCoQRG0GNxxlLgJMw 1 1     13      0   74.3kb   74.3kb
yellow open  it_keyword-2022.08.25                   tJtdHQydTsekj0I6Q28l2w 1 1      9      0   55.7kb   55.7kb
yellow open  it_keyword-2022.08.29                   cjUfuXVNSImi4wYSr-AkqQ 1 1     13      0   92.1kb   92.1kb
green  open  .kibana_7.13.4_001                      Bgh-LMBkSh-wHcq8QEjAZg 1 0    143     17    2.1mb    2.1mb
yellow open  it_keyword-2022.08.22                   IdAugDiVSoyld4xuuVjIow 1 1      4      0   35.5kb   35.5kb
yellow open  it_keyword-2022.08.23                   SQEXM0OwQIeG8AePPJvjqA 1 1      3      0   26.6kb   26.6kb
yellow open  it_keyword-2022.08.20                   Sv3oJ97JQ6KRjzCVOR3_OQ 1 1      4      0   20.1kb   20.1kb
yellow close event_ats_tracking-2022.07.28           _PXGD9SHSVqA0bVWleQc5A 1 1                                
yellow close it_keyword-2022.08.15                   O-4JkzB_RGKOEPEOE3be1g 1 1                                
yellow close it_keyword-2022.08.16                   Mr6TvUm1RYWQicdmzDMI1g 1 1                                
yellow close event_ats_tracking-2022.07.27           1g7eU0DKSJKdKgdXmkokWg 1 1                                
yellow close event_ats_tracking-2022.07.26           aQNSkjW7QuqtXA1ojv_STA 1 1                                
yellow close event_ats_tracking-2022.07.25           7-4sgm6_R0ys8JzzKAcx4w 1 1                                
yellow close event_ats_tracking-2022.07.22           77piu1qpQ2uURU0mHIrUwQ 1 1                                
yellow close event_ats_tracking-2022.07.21           AOTBkSYmQ-ikn2X7ZlBX_A 1 1                                
yellow close it_keyword-2022.08.11                   5ijKVpW-QnafNyZ8fB_cYw 1 1                                
yellow close it_keyword-2022.08.12                   -8TU9BrqTI6DRTIYRI9U1Q 1 1                                
yellow close event_ats_tracking-2022.07.29           hPin356CSOKium1xQ4zDqA 1 1                                
yellow close it_keyword-2022.08.10                   rQG2jkhwTjKgw8egmx1NRQ 1 1                                
yellow close es-release-access-2022.08.17            BvpA_Ir2SFSvNHkU5ki2jw 1 1                                
yellow close es-release-access-2022.08.18            cOKbZsIbSP-TO-vQwur50A 1 1                                
yellow close es-release-access-2022.08.19            XY9gHV1rTsCPHPJ29_AuVQ 1 1                                
yellow open  es-release-access-2022.08.24            w0puPyfpSLe-dOrB2b3vtw 1 1  98969      0    8.2mb    8.2mb
yellow open  es-release-access-2022.08.25            8hqGmSu_TVybqs1dbESX0w 1 1  84594      0    7.2mb    7.2mb
yellow open  es-release-access-2022.08.26            bVvZ-HFgQyWhZjz2ynmeAQ 1 1  68113      0    4.9mb    4.9mb
yellow open  es-release-access-2022.08.27            6IqDVymVSe6EUG0W30LbXw 1 1  64380      0    4.5mb    4.5mb
yellow open  es-release-access-2022.08.20            zDz6Fr76RtWrJmBtol7pJw 1 1  69542      0    5.1mb    5.1mb
yellow open  es-release-access-2022.08.21            t5k1rMUuRJWHqtBCFEcEGA 1 1  70151      0    5.2mb    5.2mb
yellow open  es-release-access-2022.08.22            -UYSL4A3Rt2m73zm-4kyjg 1 1  72438      0    5.6mb    5.6mb
yellow open  es-release-access-2022.08.23            nGayIMRRT72SxtxKchKK8w 1 1  73543      0    5.7mb    5.7mb
yellow open  es-release-access-2022.08.28            HX0iq2cyQZqK6F42A_z7Jw 1 1  64084      0      5mb      5mb
yellow open  es-release-access-2022.08.29            sK7G5WzERpqHeUNRP5GXxA 1 1  55995      0    4.3mb    4.3mb
yellow open  es-release-access-2022.08.30            5xLW-EYqQVmwev9RNs6uFQ 1 1  64321      0    4.6mb    4.6mb
yellow open  es-release-access-2022.08.31            1DwPaCCUQiq3kpRD3ngQow 1 1  72491      0    5.4mb    5.4mb
yellow close es-release-access-2022.08.02            Bg2vBaRsRmGfeuVPXoyFVQ 1 1                                
yellow close es-release-access-2022.08.03            lon_0Ot6Qtm7Uav-tYT82g 1 1                                
yellow close es-release-access-2022.08.04            hhl5eff_QVGThVwcCkt9QQ 1 1                                
yellow close es-release-access-2022.08.05            5zUcX3KPQfyzt4pI61PckA 1 1                                
yellow close es-release-access-2022.08.01            lUlKsIsPRj6z5Ey7xt17Mw 1 1                                
yellow close es-release-access-2022.08.06            fyD-KpQmQ8idt1l58aph7w 1 1                                
yellow close es-release-access-2022.08.07            20LJzpoGSuuSWoP8aRU_bQ 1 1                                
yellow close es-release-access-2022.08.08            fyx_t7dsQwmCzXE7AjxwRA 1 1                                
yellow close es-release-access-2022.08.09            y5YCyg8VSSW8XmKDRFFKSA 1 1                                
yellow close es-release-access-2022.08.13            IZx9Zi4tSeO21mJh2nabew 1 1                                
yellow close es-release-access-2022.08.14            6xT0XX6UToCJVlR2Og-Wbw 1 1                                
yellow close es-release-access-2022.08.15            StWMwGzPRi-gibLSM2_M2Q 1 1                                
yellow close es-release-access-2022.08.16            UkPaBC3yS1uAmVRghCd5VA 1 1                                
yellow close es-release-access-2022.08.10            fgEcsNuFT0y78RJn9kEs1w 1 1                                
yellow close es-release-access-2022.08.11            SzdnhkOlR-eMX8gwAbUdcQ 1 1                                
yellow close es-release-access-2022.08.12            niOOBAN0QkKy7p9wJik7DQ 1 1                                
