api-gateway
api-vnw
attached-resume-preview
attached-resumes-validation
backend-online-payment-jp
backend-service
banners
bootstrap
browser-notification-job-alert
buy-packages-online
candidate-notification
career-center-container
cattle-prometheus
cattle-prometheus-p-6nzjz
cattle-system
companies-employers-mapping
company-profiles
cronjob
data-migration
default
elastic
elasticsearch
elasticsearch-core
employer
employer-dashboard-frontend
employer-dashboard-frontend-v2
employer-support-apis
employer-v2
firebase
firebase-gateway
frontend-online-payment-jp
google-jobs-indexing
harness
hidden-resume-search
homepage
homepage-v2
hot-keywords
hrinsider-sync
import-smartnavi
ip2location
istio-system
it-channel-sync
job-alerts
job-apply
job-behaviors-tracking
job-finding-demand-score
job-golang
job-search-golang
job-sync
job-sync-api-gateway
job-sync-golang
job-tracking
job-views-from-es
job-views-from-es7
jobseeker
jobseekers
kube-node-lease
kube-public
kube-system
kyna-jobseekers
landing-page-container
linkedin-crawler
log-aggretor
logs-service
mail-unsubscription
mailer
memcached
micro-api
micro-employer-dashboard
micro-log
micro-mkt-campaign
micro-mobile-job
micro-mobile-jobalert
micro-mobile-notification-hub
micro-mobile-product
micro-navi-cms
micro-storage
microfrontend-job-post
microservice-jobs
microservice-web
microservices
mongo-db
multiple-job-apply
my-notification
navi-cms
navigossearch-application
navisync
onboarding
openapi
other-opportunity
outstandingjob
page-container
premium-jobs
producct-news
product-invoices
push-message
rabbitmq
recommend-courses
redis
release-banner
release-consul
release-homepage
release-openapi-admin
release-sso
release-vnw
release-webservice
remove-inactive-job
remove-my-notification
resume-processor
resume-services
resume-spam-reviewer
resume-sync-es
salary-reporting
saved-jobs-reminder
sims
skill-tags
sky-notification
sky-scheduling
smart-interview
speech-to-text
super-wow-cv
superadmin
superadmin-v2
sync-tool
term-of-use-reminder
test
test-v1
vietnamworks
vnw-es-core
vnw-jobseekers-v1
vnw-rabbitmq
webservices
wow-cv-container
ingress-nginx