api-gateway/api-gateway 32684
attached-resume-preview/attached-resume-preview-nodeport 32447
attached-resume/attached-resume-preview-nodeport 32164
attached-resume/attached-resume-validation-nodeport 31831
attached-resumes-validation/attached-resumes-validation 30640
authservice/authservice-nodeport 30131
backend-online-payment-jp/backend-online-payment-jp-nodeport 30849
banners/banners-nodeport 31325
buy-packages-online/buy-packages-online-frontend-nodeport 31672
buy-packages-online/buy-packages-online-nodeport 31438
career-center-container/career-center-container-nodeport 32082
cattle-prometheus-p-v2j5q/grafana-nodeport 30584
company-crawler/company-crawler 30226
company-profile-golang/company-profile-golang 31190
companyprofile/companyprofile-nodeport 31282
consul/consul-nodeport 30610
default/sample-app 31268
employer-dashboard-frontend-v2/employer-dashboard-frontend-v2 31383
employer-dashboard-frontend/employer-dashboard-frontend-nodeport 30251
employer-support-apis/employer-support-apis 31041
employer-v2/employer-v2-nodeport 30919
employer-view/employer-view-nodeport 30737
employer/employer-v1-nodeport 32131
employers-mapping/employers-mapping-nodeport 30582
es-employer/es-employer-nodeport 31427
es-log/elasticsearch-event-jobview-nodeport 30878
es-log/elasticsearch-event-jobview-v2-nodeport 32656
flask-demo/flask-demo 31676
frontend-online-payment-jp/online-payment-jp-nodeport 31036
hidden-resume-search/hidden-resume-search-nodeport 31391
homepage/homepage-nodeport 31735
hot-keywords/hot-keywords-nodeport 31790
image-service/image-service 32154
ip2location/ip2location-nodeport 31298
job-application-tracking-service/job-application-tracking-service 31680
job-golang/job-golang 30261
job-search-golang/job-search-golang-nodeport 30403
job-sync-api-gateway/job-sync-api-gateway-nodeport 32492
job-sync-api-gateway/job-sync-api-gateway-v1-nodeport 32448
job-sync/job-sync-nodeport 32583
jobalerts/jobalerts-nodeport 30879
jobs/jobs-nodeport 32048
jobseekers-test/jobseekers-test-nodeport 32114
jobseekers/jobseekers 31694
kyna-jobseekers/kyna-jobseekers-nodeport 31599
landing-page-container/landing-page-container-nodeport 31070
linkedin-crawler/linkedin-crawler-full-test-nodeport 30148
linkedin-crawler/linkedin-crawler-full-test01 31038
linkedin-crawler/linkedin-crawler-nodeport 30201
log-aggregator/log-aggregator-nodeport 30258
logs-service/logs-service-nodeport 31657
mail-unsubscription/mail-unsubscription-nodeport 31952
memcache/api-memcache-nodeport 32424
memcached/employer-memcached-nodeport 32530
memcached/session-memcached-nodeport 31409
messaging/messaging-nodeport 31775
meta/meta-03-nodeport 32554
meta/meta-nodeport 31859
micro-api/micro-api-nodeport 31870
micro-employer-dashboard/micro-employer-dashboard-nodeport 32763
micro-mkt-campaign/micro-mkt-campaign-nodeport 32493
micro-mobile-notification-hub/micro-mobile-notification-hub 32271
micro-mobile-notification-hub/notification-hub-nodeport 30881
micro-mobile-product/micro-mobile-product-nodeport 31848
micro-storage/micro-storage-nodeport 32426
multiple-job-apply/multiple-job-apply-nodeport 30581
navi-cms/mongo-nodeport 32017
navi-cms/navi-cms-nodeport 30880
nexus/nexus-nodeport 30250
nexus/nexus-nodeport 31499
nexus/nexus-nodeport 32207
nld-homepage/nld-homepage 31824
onboarding/onboarding-backend-nodeport 31403
onboarding/onboarding-frontend-nodeport 30200
onboarding/onboarding-nodeport 30132
openapi/openapi-nodeport 32113
other-opportunity/other-opportunity-nodeport 32421
outstanding-jobs/outstanding-jobs-nodeport 30411
outstanding-jobs/outstanding-jobs-nodeport 30058
page-container/page-container-nodeport 31019
premium-job/premium-job-nodeport 31004
premium-jobs/premium-jobs 32459
product-invoices/product-invoices-nodeport 32132
rabbitmq/rabbitmq-nodeport 31810
rabbitmq/rabbitmq-nodeport 32365
recommend-courses/recommend-courses-nodeport 30095
redis-cache/redis-cache-nodeport 30732
redis-session/redis-session-nodeport 30397
referral-candidate-frontend/referral-frontend-nodeport 30085
referral-candidate/referral-candidate 31433
referral-program/referral-program-nodeport 32489
resume-services/resume-services-nodeport 31654
resume-spam-reviewer/resume-spam-reviewer-nodeport 32129
resume-sync-es/resume-sync-es 31394
salary-reporting/salary-reporting-nodeport 31670
saved-jobs-reminder/react-components-nodeport 31431
skill-tags/skill-tags-nodeport 30352
smart-interview/smart-interview-nodeport 30264
speech-to-text/speech-to-text-nodeport 30219
sso/sso-nodeport 30240
super-admin/super-admin-nodeport 31688
super-wow-cv/super-wow-cv-nodeport 30162
vietnamworks/vietnamworks-nodeport 31736
web/web-nodeport 32103
webservices/webservices-v2-nodeport 30949
wow-cv-container/kong-postgre-nodeport 30696
wow-cv-container/wow-cv-container-nodeport 31742
xalolead/xalolead-nodeport 30996
zalo-oa/zalo-oa 31245
