attached-resume/attached-resume-validation
employer-v2/employer-v2
employer-view/employer-view
flask-demo/flask-demo
google-jobs-indexing/google-jobs-indexing
homepage/homepage-01
internal-lb/kong
it-channel-sync/it-channel-sync
job-sync-api-gateway/job-sync-api-gateway-v1
kafka/kafka
kafka/zookeeper
kube-system/coredns-autoscaler
kyna-jobseekers/kyna-jobseekers
linkedin-crawler/linkedin-crawler-full-test
linkedin-crawler/linkedin-crawler-full-test01
nexus/nexus
premium-job/premium-job
recommend-courses/recommend-courses
top-man-jobs-sync/top-man-jobs-sync
web/web
