api-gateway
check in list: ag not in kuber_healthcheck_offTrue
api-vnw
check in list: ag not in kuber_healthcheck_offTrue
attached-resume-preview
check in list: ag not in kuber_healthcheck_offTrue
attached-resumes-validation
check in list: ag not in kuber_healthcheck_offTrue
backend-online-payment-jp
check in list: ag not in kuber_healthcheck_offTrue
backend-service
check in list: ag not in kuber_healthcheck_offTrue
banners
check in list: ag not in kuber_healthcheck_offTrue
bootstrap
check in list: ag not in kuber_healthcheck_offTrue
browser-notification-job-alert
check in list: ag not in kuber_healthcheck_offTrue
buy-packages-online
check in list: ag not in kuber_healthcheck_offTrue
candidate-notification
check in list: ag not in kuber_healthcheck_offTrue
career-center-container
check in list: ag not in kuber_healthcheck_offTrue
cattle-prometheus
check in list: ag not in kuber_healthcheck_offTrue
cattle-prometheus-p-6nzjz
check in list: ag not in kuber_healthcheck_offTrue
cattle-system
check in list: ag not in kuber_healthcheck_offTrue
companies-employers-mapping
check in list: ag not in kuber_healthcheck_offTrue
company-profiles
check in list: ag not in kuber_healthcheck_offTrue
cronjob
check in list: ag not in kuber_healthcheck_offTrue
data-migration
check in list: ag not in kuber_healthcheck_offTrue
default
check in list: ag not in kuber_healthcheck_offTrue
elastic
check in list: ag not in kuber_healthcheck_offTrue
elasticsearch
check in list: ag not in kuber_healthcheck_offTrue
elasticsearch-core
check in list: ag not in kuber_healthcheck_offTrue
employer
check in list: ag not in kuber_healthcheck_offTrue
employer-dashboard-frontend
check in list: ag not in kuber_healthcheck_offTrue
employer-dashboard-frontend-v2
check in list: ag not in kuber_healthcheck_offTrue
employer-support-apis
check in list: ag not in kuber_healthcheck_offTrue
employer-v2
check in list: ag not in kuber_healthcheck_offTrue
firebase
check in list: ag not in kuber_healthcheck_offTrue
firebase-gateway
check in list: ag not in kuber_healthcheck_offTrue
frontend-online-payment-jp
check in list: ag not in kuber_healthcheck_offTrue
google-jobs-indexing
check in list: ag not in kuber_healthcheck_offTrue
harness
check in list: ag not in kuber_healthcheck_offTrue
hidden-resume-search
check in list: ag not in kuber_healthcheck_offTrue
homepage
check in list: ag not in kuber_healthcheck_offTrue
homepage-v2
check in list: ag not in kuber_healthcheck_offTrue
hot-keywords
check in list: ag not in kuber_healthcheck_offTrue
hrinsider-sync
check in list: ag not in kuber_healthcheck_offTrue
import-smartnavi
check in list: ag not in kuber_healthcheck_offTrue
ingress-nginx
check in list: ag not in kuber_healthcheck_offTrue
ip2location
check in list: ag not in kuber_healthcheck_offTrue
istio-system
check in list: ag not in kuber_healthcheck_offTrue
it-channel-sync
check in list: ag not in kuber_healthcheck_offTrue
job-alerts
check in list: ag not in kuber_healthcheck_offTrue
job-apply
check in list: ag not in kuber_healthcheck_offTrue
job-behaviors-tracking
check in list: ag not in kuber_healthcheck_offTrue
job-finding-demand-score
check in list: ag not in kuber_healthcheck_offTrue
job-golang
check in list: ag not in kuber_healthcheck_offTrue
job-search-golang
check in list: ag not in kuber_healthcheck_offTrue
job-sync
check in list: ag not in kuber_healthcheck_offTrue
job-sync-api-gateway
check in list: ag not in kuber_healthcheck_offTrue
job-sync-golang
check in list: ag not in kuber_healthcheck_offTrue
job-tracking
check in list: ag not in kuber_healthcheck_offTrue
job-views-from-es
check in list: ag not in kuber_healthcheck_offTrue
job-views-from-es7
check in list: ag not in kuber_healthcheck_offTrue
jobseeker
check in list: ag not in kuber_healthcheck_offTrue
jobseekers
check in list: ag not in kuber_healthcheck_offTrue
kube-node-lease
check in list: ag not in kuber_healthcheck_offTrue
kube-public
check in list: ag not in kuber_healthcheck_offTrue
kube-system
check in list: ag not in kuber_healthcheck_offTrue
kyna-jobseekers
check in list: ag not in kuber_healthcheck_offTrue
landing-page-container
check in list: ag not in kuber_healthcheck_offTrue
linkedin-crawler
check in list: ag not in kuber_healthcheck_offTrue
log-aggretor
check in list: ag not in kuber_healthcheck_offTrue
logs-service
check in list: ag not in kuber_healthcheck_offTrue
mail-unsubscription
check in list: ag not in kuber_healthcheck_offTrue
mailer
check in list: ag not in kuber_healthcheck_offTrue
memcached
check in list: ag not in kuber_healthcheck_offTrue
micro-api
check in list: ag not in kuber_healthcheck_offTrue
micro-employer-dashboard
check in list: ag not in kuber_healthcheck_offTrue
micro-log
check in list: ag not in kuber_healthcheck_offTrue
micro-mkt-campaign
check in list: ag not in kuber_healthcheck_offTrue
micro-mobile-job
check in list: ag not in kuber_healthcheck_offTrue
micro-mobile-jobalert
check in list: ag not in kuber_healthcheck_offTrue
micro-mobile-notification-hub
check in list: ag not in kuber_healthcheck_offTrue
micro-mobile-product
check in list: ag not in kuber_healthcheck_offTrue
micro-navi-cms
check in list: ag not in kuber_healthcheck_offTrue
micro-storage
check in list: ag not in kuber_healthcheck_offTrue
microfrontend-job-post
check in list: ag not in kuber_healthcheck_offTrue
microservice-jobs
check in list: ag not in kuber_healthcheck_offTrue
microservice-web
check in list: ag not in kuber_healthcheck_offTrue
microservices
check in list: ag not in kuber_healthcheck_offTrue
mongo-db
check in list: ag not in kuber_healthcheck_offTrue
multiple-job-apply
check in list: ag not in kuber_healthcheck_offTrue
my-notification
check in list: ag not in kuber_healthcheck_offTrue
navi-cms
check in list: ag not in kuber_healthcheck_offTrue
navigossearch-application
check in list: ag not in kuber_healthcheck_offTrue
navisync
check in list: ag not in kuber_healthcheck_offTrue
onboarding
check in list: ag not in kuber_healthcheck_offTrue
openapi
check in list: ag not in kuber_healthcheck_offTrue
other-opportunity
check in list: ag not in kuber_healthcheck_offTrue
outstandingjob
check in list: ag not in kuber_healthcheck_offTrue
page-container
check in list: ag not in kuber_healthcheck_offTrue
premium-jobs
check in list: ag not in kuber_healthcheck_offTrue
producct-news
check in list: ag not in kuber_healthcheck_offTrue
product-invoices
check in list: ag not in kuber_healthcheck_offTrue
push-message
check in list: ag not in kuber_healthcheck_offTrue
rabbitmq
check in list: ag not in kuber_healthcheck_offTrue
recommend-courses
check in list: ag not in kuber_healthcheck_offTrue
redis
check in list: ag not in kuber_healthcheck_offTrue
release-banner
check in list: ag not in kuber_healthcheck_offTrue
release-consul
check in list: ag not in kuber_healthcheck_offTrue
release-homepage
check in list: ag not in kuber_healthcheck_offTrue
release-openapi-admin
check in list: ag not in kuber_healthcheck_offTrue
release-sso
check in list: ag not in kuber_healthcheck_offTrue
release-vnw
check in list: ag not in kuber_healthcheck_offTrue
release-webservice
check in list: ag not in kuber_healthcheck_offTrue
remove-inactive-job
check in list: ag not in kuber_healthcheck_offTrue
remove-my-notification
check in list: ag not in kuber_healthcheck_offTrue
resume-processor
check in list: ag not in kuber_healthcheck_offTrue
resume-services
check in list: ag not in kuber_healthcheck_offTrue
resume-spam-reviewer
check in list: ag not in kuber_healthcheck_offTrue
resume-sync-es
check in list: ag not in kuber_healthcheck_offTrue
salary-reporting
check in list: ag not in kuber_healthcheck_offTrue
saved-jobs-reminder
check in list: ag not in kuber_healthcheck_offTrue
sims
check in list: ag not in kuber_healthcheck_offTrue
skill-tags
check in list: ag not in kuber_healthcheck_offTrue
sky-notification
check in list: ag not in kuber_healthcheck_offTrue
sky-scheduling
check in list: ag not in kuber_healthcheck_offTrue
smart-interview
check in list: ag not in kuber_healthcheck_offTrue
speech-to-text
check in list: ag not in kuber_healthcheck_offTrue
super-wow-cv
check in list: ag not in kuber_healthcheck_offTrue
superadmin
check in list: ag not in kuber_healthcheck_offTrue
superadmin-v2
check in list: ag not in kuber_healthcheck_offTrue
sync-tool
check in list: ag not in kuber_healthcheck_offTrue
term-of-use-reminder
check in list: ag not in kuber_healthcheck_offTrue
test
check in list: ag not in kuber_healthcheck_offTrue
test-v1
check in list: ag not in kuber_healthcheck_offTrue
vietnamworks
check in list: ag not in kuber_healthcheck_offTrue
vnw-es-core
check in list: ag not in kuber_healthcheck_offTrue
vnw-jobseekers-v1
check in list: ag not in kuber_healthcheck_offTrue
vnw-rabbitmq
check in list: ag not in kuber_healthcheck_offTrue
webservices
check in list: ag not in kuber_healthcheck_offTrue
wow-cv-containercheck in list: ag not in kuber_healthcheck_offTrue
